Determining if the pthread_create exist failed with the following output:
Change Dir: /home/admin-vras/aloam_ws/build/robotika_freyja_sensor_config_1/CMakeFiles/CMakeTmp

Run Build Command:"/usr/bin/make" "cmTC_891ae/fast"
/usr/bin/make -f CMakeFiles/cmTC_891ae.dir/build.make CMakeFiles/cmTC_891ae.dir/build
make[1]: Entering directory '/home/admin-vras/aloam_ws/build/robotika_freyja_sensor_config_1/CMakeFiles/CMakeTmp'
Building C object CMakeFiles/cmTC_891ae.dir/CheckSymbolExists.c.o
/usr/bin/cc    -o CMakeFiles/cmTC_891ae.dir/CheckSymbolExists.c.o   -c /home/admin-vras/aloam_ws/build/robotika_freyja_sensor_config_1/CMakeFiles/CMakeTmp/CheckSymbolExists.c
Linking C executable cmTC_891ae
/usr/bin/cmake -E cmake_link_script CMakeFiles/cmTC_891ae.dir/link.txt --verbose=1
/usr/bin/cc      -rdynamic CMakeFiles/cmTC_891ae.dir/CheckSymbolExists.c.o  -o cmTC_891ae 
CMakeFiles/cmTC_891ae.dir/CheckSymbolExists.c.o: In function `main':
CheckSymbolExists.c:(.text+0x1b): undefined reference to `pthread_create'
collect2: error: ld returned 1 exit status
CMakeFiles/cmTC_891ae.dir/build.make:97: recipe for target 'cmTC_891ae' failed
make[1]: *** [cmTC_891ae] Error 1
make[1]: Leaving directory '/home/admin-vras/aloam_ws/build/robotika_freyja_sensor_config_1/CMakeFiles/CMakeTmp'
Makefile:126: recipe for target 'cmTC_891ae/fast' failed
make: *** [cmTC_891ae/fast] Error 2

File /home/admin-vras/aloam_ws/build/robotika_freyja_sensor_config_1/CMakeFiles/CMakeTmp/CheckSymbolExists.c:
/* */
#include <pthread.h>

int main(int argc, char** argv)
{
  (void)argv;
#ifndef pthread_create
  return ((int*)(&pthread_create))[argc];
#else
  (void)argc;
  return 0;
#endif
}

Determining if the function pthread_create exists in the pthreads failed with the following output:
Change Dir: /home/admin-vras/aloam_ws/build/robotika_freyja_sensor_config_1/CMakeFiles/CMakeTmp

Run Build Command:"/usr/bin/make" "cmTC_bfae6/fast"
/usr/bin/make -f CMakeFiles/cmTC_bfae6.dir/build.make CMakeFiles/cmTC_bfae6.dir/build
make[1]: Entering directory '/home/admin-vras/aloam_ws/build/robotika_freyja_sensor_config_1/CMakeFiles/CMakeTmp'
Building C object CMakeFiles/cmTC_bfae6.dir/CheckFunctionExists.c.o
/usr/bin/cc   -DCHECK_FUNCTION_EXISTS=pthread_create   -o CMakeFiles/cmTC_bfae6.dir/CheckFunctionExists.c.o   -c /usr/share/cmake-3.10/Modules/CheckFunctionExists.c
Linking C executable cmTC_bfae6
/usr/bin/cmake -E cmake_link_script CMakeFiles/cmTC_bfae6.dir/link.txt --verbose=1
/usr/bin/cc  -DCHECK_FUNCTION_EXISTS=pthread_create    -rdynamic CMakeFiles/cmTC_bfae6.dir/CheckFunctionExists.c.o  -o cmTC_bfae6 -lpthreads 
/usr/bin/ld: cannot find -lpthreads
collect2: error: ld returned 1 exit status
CMakeFiles/cmTC_bfae6.dir/build.make:97: recipe for target 'cmTC_bfae6' failed
make[1]: *** [cmTC_bfae6] Error 1
make[1]: Leaving directory '/home/admin-vras/aloam_ws/build/robotika_freyja_sensor_config_1/CMakeFiles/CMakeTmp'
Makefile:126: recipe for target 'cmTC_bfae6/fast' failed
make: *** [cmTC_bfae6/fast] Error 2


