[  0%] Built target rosgraph_msgs_generate_messages_py
[  0%] Built target subt_msgs_generate_messages_py
[  0%] Built target rosgraph_msgs_generate_messages_lisp
[  0%] Built target rosgraph_msgs_generate_messages_nodejs
[ 22%] Built target subt_communication_broker_protobuf_compilation
[ 22%] Built target subt_msgs_generate_messages_eus
[ 22%] Built target std_msgs_generate_messages_eus
[ 22%] Built target subt_msgs_generate_messages_nodejs
[ 22%] Built target rosgraph_msgs_generate_messages_cpp
[ 22%] Built target rosgraph_msgs_generate_messages_eus
[ 22%] Built target subt_msgs_generate_messages_lisp
[ 22%] Built target std_msgs_generate_messages_py
[ 22%] Built target roscpp_generate_messages_py
[ 22%] Built target geometry_msgs_generate_messages_eus
[ 22%] Built target roscpp_generate_messages_nodejs
[ 22%] Built target roscpp_generate_messages_eus
[ 22%] Built target roscpp_generate_messages_cpp
[ 22%] Built target roscpp_generate_messages_lisp
[ 22%] Built target std_msgs_generate_messages_cpp
[ 22%] Built target geometry_msgs_generate_messages_nodejs
[ 22%] Built target std_msgs_generate_messages_lisp
[ 22%] Built target geometry_msgs_generate_messages_lisp
[ 22%] Built target std_msgs_generate_messages_nodejs
[ 22%] Built target geometry_msgs_generate_messages_cpp
[ 22%] Built target subt_msgs_generate_messages_cpp
[ 22%] Built target geometry_msgs_generate_messages_py
[ 55%] Built target SubtCommsProtobuf
[ 77%] Built target subt_communication_client
[100%] Built target subt_communication_broker
