[  9%] Built target mesh_analyzer
[  9%] Built target subt_msgs_generate_messages_cpp
[  9%] Built target nav_msgs_generate_messages_cpp
[  9%] Built target geometry_msgs_generate_messages_lisp
[  9%] Built target geometry_msgs_generate_messages_py
[  9%] Built target darpa_msgs_generate_messages_nodejs
[  9%] Built target std_msgs_generate_messages_nodejs
[  9%] Built target rosgraph_msgs_generate_messages_nodejs
[  9%] Built target rosgraph_msgs_generate_messages_eus
[  9%] Built target actionlib_msgs_generate_messages_cpp
[  9%] Built target rosgraph_msgs_generate_messages_lisp
[  9%] Built target darpa_msgs_generate_messages_eus
[  9%] Built target darpa_msgs_generate_messages_cpp
[  9%] Built target nav_msgs_generate_messages_eus
[  9%] Built target tf2_msgs_generate_messages_eus
[  9%] Built target darpa_msgs_generate_messages_py
[  9%] Built target subt_msgs_generate_messages_py
[  9%] Built target std_msgs_generate_messages_cpp
[  9%] Built target nav_msgs_generate_messages_lisp
[  9%] Built target std_msgs_generate_messages_eus
[  9%] Built target roscpp_generate_messages_lisp
[  9%] Built target geometry_msgs_generate_messages_eus
[  9%] Built target roscpp_generate_messages_nodejs
[  9%] Built target std_msgs_generate_messages_lisp
[  9%] Built target darpa_msgs_generate_messages_lisp
[  9%] Built target roscpp_generate_messages_py
[  9%] Built target actionlib_generate_messages_cpp
[  9%] Built target std_msgs_generate_messages_py
[  9%] Built target geometry_msgs_generate_messages_nodejs
[  9%] Built target rosgraph_msgs_generate_messages_py
[  9%] Built target rosgraph_msgs_generate_messages_cpp
[  9%] Built target actionlib_msgs_generate_messages_py
[  9%] Built target roscpp_generate_messages_eus
[  9%] Built target actionlib_msgs_generate_messages_eus
[  9%] Built target actionlib_msgs_generate_messages_lisp
[  9%] Built target tf2_msgs_generate_messages_lisp
[  9%] Built target subt_msgs_generate_messages_nodejs
[  9%] Built target nav_msgs_generate_messages_py
[  9%] Built target tf2_msgs_generate_messages_cpp
[  9%] Built target subt_msgs_generate_messages_eus
[  9%] Built target actionlib_generate_messages_eus
[  9%] Built target actionlib_generate_messages_lisp
[  9%] Built target tf2_msgs_generate_messages_nodejs
[  9%] Built target geometry_msgs_generate_messages_cpp
[  9%] Built target subt_msgs_generate_messages_lisp
[  9%] Built target actionlib_generate_messages_nodejs
[  9%] Built target nav_msgs_generate_messages_nodejs
[  9%] Built target tf2_msgs_generate_messages_py
[  9%] Built target actionlib_generate_messages_py
[  9%] Built target roscpp_generate_messages_cpp
[  9%] Built target actionlib_msgs_generate_messages_nodejs
[  9%] Built target _subt_virtual_generate_messages_check_deps_StepSimulation
[  9%] Built target _subt_virtual_generate_messages_check_deps_SetPose
[ 18%] Built target ground_truth_publisher
[ 27%] Built target shared_comms_client
[ 40%] Built target subt_virtual_generate_messages_py
[ 54%] Built target subt_virtual_generate_messages_eus
[ 63%] Built target subt_virtual_generate_messages_cpp
[ 72%] Built target subt_virtual_generate_messages_lisp
[ 81%] Built target subt_virtual_generate_messages_nodejs
[ 90%] Built target direct_neighbors_publisher
[ 90%] Built target subt_virtual_generate_messages
[100%] Built target gazebo_ros_bridge
