Determining if the pthread_create exist failed with the following output:
Change Dir: /home/admin-vras/aloam_ws/build/subt_example/CMakeFiles/CMakeTmp

Run Build Command:"/usr/bin/make" "cmTC_fd9ba/fast"
/usr/bin/make -f CMakeFiles/cmTC_fd9ba.dir/build.make CMakeFiles/cmTC_fd9ba.dir/build
make[1]: Entering directory '/home/admin-vras/aloam_ws/build/subt_example/CMakeFiles/CMakeTmp'
Building C object CMakeFiles/cmTC_fd9ba.dir/CheckSymbolExists.c.o
/usr/bin/cc    -o CMakeFiles/cmTC_fd9ba.dir/CheckSymbolExists.c.o   -c /home/admin-vras/aloam_ws/build/subt_example/CMakeFiles/CMakeTmp/CheckSymbolExists.c
Linking C executable cmTC_fd9ba
/usr/bin/cmake -E cmake_link_script CMakeFiles/cmTC_fd9ba.dir/link.txt --verbose=1
/usr/bin/cc      CMakeFiles/cmTC_fd9ba.dir/CheckSymbolExists.c.o  -o cmTC_fd9ba 
CMakeFiles/cmTC_fd9ba.dir/CheckSymbolExists.c.o: In function `main':
CheckSymbolExists.c:(.text+0x1b): undefined reference to `pthread_create'
collect2: error: ld returned 1 exit status
CMakeFiles/cmTC_fd9ba.dir/build.make:97: recipe for target 'cmTC_fd9ba' failed
make[1]: *** [cmTC_fd9ba] Error 1
make[1]: Leaving directory '/home/admin-vras/aloam_ws/build/subt_example/CMakeFiles/CMakeTmp'
Makefile:126: recipe for target 'cmTC_fd9ba/fast' failed
make: *** [cmTC_fd9ba/fast] Error 2

File /home/admin-vras/aloam_ws/build/subt_example/CMakeFiles/CMakeTmp/CheckSymbolExists.c:
/* */
#include <pthread.h>

int main(int argc, char** argv)
{
  (void)argv;
#ifndef pthread_create
  return ((int*)(&pthread_create))[argc];
#else
  (void)argc;
  return 0;
#endif
}

Determining if the function pthread_create exists in the pthreads failed with the following output:
Change Dir: /home/admin-vras/aloam_ws/build/subt_example/CMakeFiles/CMakeTmp

Run Build Command:"/usr/bin/make" "cmTC_8db69/fast"
/usr/bin/make -f CMakeFiles/cmTC_8db69.dir/build.make CMakeFiles/cmTC_8db69.dir/build
make[1]: Entering directory '/home/admin-vras/aloam_ws/build/subt_example/CMakeFiles/CMakeTmp'
Building C object CMakeFiles/cmTC_8db69.dir/CheckFunctionExists.c.o
/usr/bin/cc   -DCHECK_FUNCTION_EXISTS=pthread_create   -o CMakeFiles/cmTC_8db69.dir/CheckFunctionExists.c.o   -c /usr/share/cmake-3.10/Modules/CheckFunctionExists.c
Linking C executable cmTC_8db69
/usr/bin/cmake -E cmake_link_script CMakeFiles/cmTC_8db69.dir/link.txt --verbose=1
/usr/bin/cc  -DCHECK_FUNCTION_EXISTS=pthread_create    CMakeFiles/cmTC_8db69.dir/CheckFunctionExists.c.o  -o cmTC_8db69 -lpthreads 
/usr/bin/ld: cannot find -lpthreads
collect2: error: ld returned 1 exit status
CMakeFiles/cmTC_8db69.dir/build.make:97: recipe for target 'cmTC_8db69' failed
make[1]: *** [cmTC_8db69] Error 1
make[1]: Leaving directory '/home/admin-vras/aloam_ws/build/subt_example/CMakeFiles/CMakeTmp'
Makefile:126: recipe for target 'cmTC_8db69/fast' failed
make: *** [cmTC_8db69/fast] Error 2


