Determining if the pthread_create exist failed with the following output:
Change Dir: /home/admin-vras/aloam_ws/build/marble_hd2_sensor_config_4/CMakeFiles/CMakeTmp

Run Build Command:"/usr/bin/make" "cmTC_23254/fast"
/usr/bin/make -f CMakeFiles/cmTC_23254.dir/build.make CMakeFiles/cmTC_23254.dir/build
make[1]: Entering directory '/home/admin-vras/aloam_ws/build/marble_hd2_sensor_config_4/CMakeFiles/CMakeTmp'
Building C object CMakeFiles/cmTC_23254.dir/CheckSymbolExists.c.o
/usr/bin/cc    -o CMakeFiles/cmTC_23254.dir/CheckSymbolExists.c.o   -c /home/admin-vras/aloam_ws/build/marble_hd2_sensor_config_4/CMakeFiles/CMakeTmp/CheckSymbolExists.c
Linking C executable cmTC_23254
/usr/bin/cmake -E cmake_link_script CMakeFiles/cmTC_23254.dir/link.txt --verbose=1
/usr/bin/cc      -rdynamic CMakeFiles/cmTC_23254.dir/CheckSymbolExists.c.o  -o cmTC_23254 
CMakeFiles/cmTC_23254.dir/CheckSymbolExists.c.o: In function `main':
CheckSymbolExists.c:(.text+0x1b): undefined reference to `pthread_create'
collect2: error: ld returned 1 exit status
CMakeFiles/cmTC_23254.dir/build.make:97: recipe for target 'cmTC_23254' failed
make[1]: *** [cmTC_23254] Error 1
make[1]: Leaving directory '/home/admin-vras/aloam_ws/build/marble_hd2_sensor_config_4/CMakeFiles/CMakeTmp'
Makefile:126: recipe for target 'cmTC_23254/fast' failed
make: *** [cmTC_23254/fast] Error 2

File /home/admin-vras/aloam_ws/build/marble_hd2_sensor_config_4/CMakeFiles/CMakeTmp/CheckSymbolExists.c:
/* */
#include <pthread.h>

int main(int argc, char** argv)
{
  (void)argv;
#ifndef pthread_create
  return ((int*)(&pthread_create))[argc];
#else
  (void)argc;
  return 0;
#endif
}

Determining if the function pthread_create exists in the pthreads failed with the following output:
Change Dir: /home/admin-vras/aloam_ws/build/marble_hd2_sensor_config_4/CMakeFiles/CMakeTmp

Run Build Command:"/usr/bin/make" "cmTC_c2e19/fast"
/usr/bin/make -f CMakeFiles/cmTC_c2e19.dir/build.make CMakeFiles/cmTC_c2e19.dir/build
make[1]: Entering directory '/home/admin-vras/aloam_ws/build/marble_hd2_sensor_config_4/CMakeFiles/CMakeTmp'
Building C object CMakeFiles/cmTC_c2e19.dir/CheckFunctionExists.c.o
/usr/bin/cc   -DCHECK_FUNCTION_EXISTS=pthread_create   -o CMakeFiles/cmTC_c2e19.dir/CheckFunctionExists.c.o   -c /usr/share/cmake-3.10/Modules/CheckFunctionExists.c
Linking C executable cmTC_c2e19
/usr/bin/cmake -E cmake_link_script CMakeFiles/cmTC_c2e19.dir/link.txt --verbose=1
/usr/bin/cc  -DCHECK_FUNCTION_EXISTS=pthread_create    -rdynamic CMakeFiles/cmTC_c2e19.dir/CheckFunctionExists.c.o  -o cmTC_c2e19 -lpthreads 
/usr/bin/ld: cannot find -lpthreads
collect2: error: ld returned 1 exit status
CMakeFiles/cmTC_c2e19.dir/build.make:97: recipe for target 'cmTC_c2e19' failed
make[1]: *** [cmTC_c2e19] Error 1
make[1]: Leaving directory '/home/admin-vras/aloam_ws/build/marble_hd2_sensor_config_4/CMakeFiles/CMakeTmp'
Makefile:126: recipe for target 'cmTC_c2e19/fast' failed
make: *** [cmTC_c2e19/fast] Error 2


