Determining if the pthread_create exist failed with the following output:
Change Dir: /home/admin-vras/aloam_ws/build/subt_communication_model/CMakeFiles/CMakeTmp

Run Build Command:"/usr/bin/make" "cmTC_137af/fast"
/usr/bin/make -f CMakeFiles/cmTC_137af.dir/build.make CMakeFiles/cmTC_137af.dir/build
make[1]: Entering directory '/home/admin-vras/aloam_ws/build/subt_communication_model/CMakeFiles/CMakeTmp'
Building C object CMakeFiles/cmTC_137af.dir/CheckSymbolExists.c.o
/usr/bin/cc    -o CMakeFiles/cmTC_137af.dir/CheckSymbolExists.c.o   -c /home/admin-vras/aloam_ws/build/subt_communication_model/CMakeFiles/CMakeTmp/CheckSymbolExists.c
Linking C executable cmTC_137af
/usr/bin/cmake -E cmake_link_script CMakeFiles/cmTC_137af.dir/link.txt --verbose=1
/usr/bin/cc      -rdynamic CMakeFiles/cmTC_137af.dir/CheckSymbolExists.c.o  -o cmTC_137af 
CMakeFiles/cmTC_137af.dir/CheckSymbolExists.c.o: In function `main':
CheckSymbolExists.c:(.text+0x1b): undefined reference to `pthread_create'
collect2: error: ld returned 1 exit status
CMakeFiles/cmTC_137af.dir/build.make:97: recipe for target 'cmTC_137af' failed
make[1]: *** [cmTC_137af] Error 1
make[1]: Leaving directory '/home/admin-vras/aloam_ws/build/subt_communication_model/CMakeFiles/CMakeTmp'
Makefile:126: recipe for target 'cmTC_137af/fast' failed
make: *** [cmTC_137af/fast] Error 2

File /home/admin-vras/aloam_ws/build/subt_communication_model/CMakeFiles/CMakeTmp/CheckSymbolExists.c:
/* */
#include <pthread.h>

int main(int argc, char** argv)
{
  (void)argv;
#ifndef pthread_create
  return ((int*)(&pthread_create))[argc];
#else
  (void)argc;
  return 0;
#endif
}

Determining if the function pthread_create exists in the pthreads failed with the following output:
Change Dir: /home/admin-vras/aloam_ws/build/subt_communication_model/CMakeFiles/CMakeTmp

Run Build Command:"/usr/bin/make" "cmTC_01c3a/fast"
/usr/bin/make -f CMakeFiles/cmTC_01c3a.dir/build.make CMakeFiles/cmTC_01c3a.dir/build
make[1]: Entering directory '/home/admin-vras/aloam_ws/build/subt_communication_model/CMakeFiles/CMakeTmp'
Building C object CMakeFiles/cmTC_01c3a.dir/CheckFunctionExists.c.o
/usr/bin/cc   -DCHECK_FUNCTION_EXISTS=pthread_create   -o CMakeFiles/cmTC_01c3a.dir/CheckFunctionExists.c.o   -c /usr/share/cmake-3.10/Modules/CheckFunctionExists.c
Linking C executable cmTC_01c3a
/usr/bin/cmake -E cmake_link_script CMakeFiles/cmTC_01c3a.dir/link.txt --verbose=1
/usr/bin/cc  -DCHECK_FUNCTION_EXISTS=pthread_create    -rdynamic CMakeFiles/cmTC_01c3a.dir/CheckFunctionExists.c.o  -o cmTC_01c3a -lpthreads 
/usr/bin/ld: cannot find -lpthreads
collect2: error: ld returned 1 exit status
CMakeFiles/cmTC_01c3a.dir/build.make:97: recipe for target 'cmTC_01c3a' failed
make[1]: *** [cmTC_01c3a] Error 1
make[1]: Leaving directory '/home/admin-vras/aloam_ws/build/subt_communication_model/CMakeFiles/CMakeTmp'
Makefile:126: recipe for target 'cmTC_01c3a/fast' failed
make: *** [cmTC_01c3a/fast] Error 2


