Determining if the pthread_create exist failed with the following output:
Change Dir: /home/admin-vras/aloam_ws/build/costar_shafter_sensor_config_1/CMakeFiles/CMakeTmp

Run Build Command:"/usr/bin/make" "cmTC_33210/fast"
/usr/bin/make -f CMakeFiles/cmTC_33210.dir/build.make CMakeFiles/cmTC_33210.dir/build
make[1]: Entering directory '/home/admin-vras/aloam_ws/build/costar_shafter_sensor_config_1/CMakeFiles/CMakeTmp'
Building C object CMakeFiles/cmTC_33210.dir/CheckSymbolExists.c.o
/usr/bin/cc    -o CMakeFiles/cmTC_33210.dir/CheckSymbolExists.c.o   -c /home/admin-vras/aloam_ws/build/costar_shafter_sensor_config_1/CMakeFiles/CMakeTmp/CheckSymbolExists.c
Linking C executable cmTC_33210
/usr/bin/cmake -E cmake_link_script CMakeFiles/cmTC_33210.dir/link.txt --verbose=1
/usr/bin/cc      -rdynamic CMakeFiles/cmTC_33210.dir/CheckSymbolExists.c.o  -o cmTC_33210 
CMakeFiles/cmTC_33210.dir/CheckSymbolExists.c.o: In function `main':
CheckSymbolExists.c:(.text+0x1b): undefined reference to `pthread_create'
collect2: error: ld returned 1 exit status
CMakeFiles/cmTC_33210.dir/build.make:97: recipe for target 'cmTC_33210' failed
make[1]: *** [cmTC_33210] Error 1
make[1]: Leaving directory '/home/admin-vras/aloam_ws/build/costar_shafter_sensor_config_1/CMakeFiles/CMakeTmp'
Makefile:126: recipe for target 'cmTC_33210/fast' failed
make: *** [cmTC_33210/fast] Error 2

File /home/admin-vras/aloam_ws/build/costar_shafter_sensor_config_1/CMakeFiles/CMakeTmp/CheckSymbolExists.c:
/* */
#include <pthread.h>

int main(int argc, char** argv)
{
  (void)argv;
#ifndef pthread_create
  return ((int*)(&pthread_create))[argc];
#else
  (void)argc;
  return 0;
#endif
}

Determining if the function pthread_create exists in the pthreads failed with the following output:
Change Dir: /home/admin-vras/aloam_ws/build/costar_shafter_sensor_config_1/CMakeFiles/CMakeTmp

Run Build Command:"/usr/bin/make" "cmTC_df167/fast"
/usr/bin/make -f CMakeFiles/cmTC_df167.dir/build.make CMakeFiles/cmTC_df167.dir/build
make[1]: Entering directory '/home/admin-vras/aloam_ws/build/costar_shafter_sensor_config_1/CMakeFiles/CMakeTmp'
Building C object CMakeFiles/cmTC_df167.dir/CheckFunctionExists.c.o
/usr/bin/cc   -DCHECK_FUNCTION_EXISTS=pthread_create   -o CMakeFiles/cmTC_df167.dir/CheckFunctionExists.c.o   -c /usr/share/cmake-3.10/Modules/CheckFunctionExists.c
Linking C executable cmTC_df167
/usr/bin/cmake -E cmake_link_script CMakeFiles/cmTC_df167.dir/link.txt --verbose=1
/usr/bin/cc  -DCHECK_FUNCTION_EXISTS=pthread_create    -rdynamic CMakeFiles/cmTC_df167.dir/CheckFunctionExists.c.o  -o cmTC_df167 -lpthreads 
/usr/bin/ld: cannot find -lpthreads
collect2: error: ld returned 1 exit status
CMakeFiles/cmTC_df167.dir/build.make:97: recipe for target 'cmTC_df167' failed
make[1]: *** [cmTC_df167] Error 1
make[1]: Leaving directory '/home/admin-vras/aloam_ws/build/costar_shafter_sensor_config_1/CMakeFiles/CMakeTmp'
Makefile:126: recipe for target 'cmTC_df167/fast' failed
make: *** [cmTC_df167/fast] Error 2


