Determining if the pthread_create exist failed with the following output:
Change Dir: /home/admin-vras/aloam_ws/build/ign_migration_scripts/CMakeFiles/CMakeTmp

Run Build Command:"/usr/bin/make" "cmTC_b890f/fast"
/usr/bin/make -f CMakeFiles/cmTC_b890f.dir/build.make CMakeFiles/cmTC_b890f.dir/build
make[1]: Entering directory '/home/admin-vras/aloam_ws/build/ign_migration_scripts/CMakeFiles/CMakeTmp'
Building C object CMakeFiles/cmTC_b890f.dir/CheckSymbolExists.c.o
/usr/bin/cc    -o CMakeFiles/cmTC_b890f.dir/CheckSymbolExists.c.o   -c /home/admin-vras/aloam_ws/build/ign_migration_scripts/CMakeFiles/CMakeTmp/CheckSymbolExists.c
Linking C executable cmTC_b890f
/usr/bin/cmake -E cmake_link_script CMakeFiles/cmTC_b890f.dir/link.txt --verbose=1
/usr/bin/cc      -rdynamic CMakeFiles/cmTC_b890f.dir/CheckSymbolExists.c.o  -o cmTC_b890f 
CMakeFiles/cmTC_b890f.dir/CheckSymbolExists.c.o: In function `main':
CheckSymbolExists.c:(.text+0x1b): undefined reference to `pthread_create'
collect2: error: ld returned 1 exit status
CMakeFiles/cmTC_b890f.dir/build.make:97: recipe for target 'cmTC_b890f' failed
make[1]: *** [cmTC_b890f] Error 1
make[1]: Leaving directory '/home/admin-vras/aloam_ws/build/ign_migration_scripts/CMakeFiles/CMakeTmp'
Makefile:126: recipe for target 'cmTC_b890f/fast' failed
make: *** [cmTC_b890f/fast] Error 2

File /home/admin-vras/aloam_ws/build/ign_migration_scripts/CMakeFiles/CMakeTmp/CheckSymbolExists.c:
/* */
#include <pthread.h>

int main(int argc, char** argv)
{
  (void)argv;
#ifndef pthread_create
  return ((int*)(&pthread_create))[argc];
#else
  (void)argc;
  return 0;
#endif
}

Determining if the function pthread_create exists in the pthreads failed with the following output:
Change Dir: /home/admin-vras/aloam_ws/build/ign_migration_scripts/CMakeFiles/CMakeTmp

Run Build Command:"/usr/bin/make" "cmTC_fa4cf/fast"
/usr/bin/make -f CMakeFiles/cmTC_fa4cf.dir/build.make CMakeFiles/cmTC_fa4cf.dir/build
make[1]: Entering directory '/home/admin-vras/aloam_ws/build/ign_migration_scripts/CMakeFiles/CMakeTmp'
Building C object CMakeFiles/cmTC_fa4cf.dir/CheckFunctionExists.c.o
/usr/bin/cc   -DCHECK_FUNCTION_EXISTS=pthread_create   -o CMakeFiles/cmTC_fa4cf.dir/CheckFunctionExists.c.o   -c /usr/share/cmake-3.10/Modules/CheckFunctionExists.c
Linking C executable cmTC_fa4cf
/usr/bin/cmake -E cmake_link_script CMakeFiles/cmTC_fa4cf.dir/link.txt --verbose=1
/usr/bin/cc  -DCHECK_FUNCTION_EXISTS=pthread_create    -rdynamic CMakeFiles/cmTC_fa4cf.dir/CheckFunctionExists.c.o  -o cmTC_fa4cf -lpthreads 
/usr/bin/ld: cannot find -lpthreads
collect2: error: ld returned 1 exit status
CMakeFiles/cmTC_fa4cf.dir/build.make:97: recipe for target 'cmTC_fa4cf' failed
make[1]: *** [cmTC_fa4cf] Error 1
make[1]: Leaving directory '/home/admin-vras/aloam_ws/build/ign_migration_scripts/CMakeFiles/CMakeTmp'
Makefile:126: recipe for target 'cmTC_fa4cf/fast' failed
make: *** [cmTC_fa4cf/fast] Error 2


