Linked: (/home/admin-vras/aloam_ws/devel/.private/subt_msgs/lib/pkgconfig/subt_msgs.pc, /home/admin-vras/aloam_ws/devel/lib/pkgconfig/subt_msgs.pc)
Linked: (/home/admin-vras/aloam_ws/devel/.private/subt_msgs/lib/python2.7/dist-packages/subt_msgs/__init__.py, /home/admin-vras/aloam_ws/devel/lib/python2.7/dist-packages/subt_msgs/__init__.py)
Linked: (/home/admin-vras/aloam_ws/devel/.private/subt_msgs/lib/python2.7/dist-packages/subt_msgs/srv/_Unregister.py, /home/admin-vras/aloam_ws/devel/lib/python2.7/dist-packages/subt_msgs/srv/_Unregister.py)
Linked: (/home/admin-vras/aloam_ws/devel/.private/subt_msgs/lib/python2.7/dist-packages/subt_msgs/srv/__init__.py, /home/admin-vras/aloam_ws/devel/lib/python2.7/dist-packages/subt_msgs/srv/__init__.py)
Linked: (/home/admin-vras/aloam_ws/devel/.private/subt_msgs/lib/python2.7/dist-packages/subt_msgs/srv/_SetRate.py, /home/admin-vras/aloam_ws/devel/lib/python2.7/dist-packages/subt_msgs/srv/_SetRate.py)
Linked: (/home/admin-vras/aloam_ws/devel/.private/subt_msgs/lib/python2.7/dist-packages/subt_msgs/srv/_Register.py, /home/admin-vras/aloam_ws/devel/lib/python2.7/dist-packages/subt_msgs/srv/_Register.py)
Linked: (/home/admin-vras/aloam_ws/devel/.private/subt_msgs/lib/python2.7/dist-packages/subt_msgs/srv/_Bind.py, /home/admin-vras/aloam_ws/devel/lib/python2.7/dist-packages/subt_msgs/srv/_Bind.py)
Linked: (/home/admin-vras/aloam_ws/devel/.private/subt_msgs/lib/python2.7/dist-packages/subt_msgs/srv/_PoseFromArtifact.py, /home/admin-vras/aloam_ws/devel/lib/python2.7/dist-packages/subt_msgs/srv/_PoseFromArtifact.py)
Linked: (/home/admin-vras/aloam_ws/devel/.private/subt_msgs/lib/python2.7/dist-packages/subt_msgs/srv/_DatagramRos.py, /home/admin-vras/aloam_ws/devel/lib/python2.7/dist-packages/subt_msgs/srv/_DatagramRos.py)
Linked: (/home/admin-vras/aloam_ws/devel/.private/subt_msgs/lib/python2.7/dist-packages/subt_msgs/srv/_SetPose.py, /home/admin-vras/aloam_ws/devel/lib/python2.7/dist-packages/subt_msgs/srv/_SetPose.py)
Linked: (/home/admin-vras/aloam_ws/devel/.private/subt_msgs/share/gennodejs/ros/subt_msgs/_index.js, /home/admin-vras/aloam_ws/devel/share/gennodejs/ros/subt_msgs/_index.js)
Linked: (/home/admin-vras/aloam_ws/devel/.private/subt_msgs/share/gennodejs/ros/subt_msgs/srv/_index.js, /home/admin-vras/aloam_ws/devel/share/gennodejs/ros/subt_msgs/srv/_index.js)
Linked: (/home/admin-vras/aloam_ws/devel/.private/subt_msgs/share/gennodejs/ros/subt_msgs/srv/Bind.js, /home/admin-vras/aloam_ws/devel/share/gennodejs/ros/subt_msgs/srv/Bind.js)
Linked: (/home/admin-vras/aloam_ws/devel/.private/subt_msgs/share/gennodejs/ros/subt_msgs/srv/PoseFromArtifact.js, /home/admin-vras/aloam_ws/devel/share/gennodejs/ros/subt_msgs/srv/PoseFromArtifact.js)
Linked: (/home/admin-vras/aloam_ws/devel/.private/subt_msgs/share/gennodejs/ros/subt_msgs/srv/DatagramRos.js, /home/admin-vras/aloam_ws/devel/share/gennodejs/ros/subt_msgs/srv/DatagramRos.js)
Linked: (/home/admin-vras/aloam_ws/devel/.private/subt_msgs/share/gennodejs/ros/subt_msgs/srv/Unregister.js, /home/admin-vras/aloam_ws/devel/share/gennodejs/ros/subt_msgs/srv/Unregister.js)
Linked: (/home/admin-vras/aloam_ws/devel/.private/subt_msgs/share/gennodejs/ros/subt_msgs/srv/SetPose.js, /home/admin-vras/aloam_ws/devel/share/gennodejs/ros/subt_msgs/srv/SetPose.js)
Linked: (/home/admin-vras/aloam_ws/devel/.private/subt_msgs/share/gennodejs/ros/subt_msgs/srv/SetRate.js, /home/admin-vras/aloam_ws/devel/share/gennodejs/ros/subt_msgs/srv/SetRate.js)
Linked: (/home/admin-vras/aloam_ws/devel/.private/subt_msgs/share/gennodejs/ros/subt_msgs/srv/Register.js, /home/admin-vras/aloam_ws/devel/share/gennodejs/ros/subt_msgs/srv/Register.js)
Linked: (/home/admin-vras/aloam_ws/devel/.private/subt_msgs/share/subt_msgs/cmake/subt_msgsConfig.cmake, /home/admin-vras/aloam_ws/devel/share/subt_msgs/cmake/subt_msgsConfig.cmake)
Linked: (/home/admin-vras/aloam_ws/devel/.private/subt_msgs/share/subt_msgs/cmake/subt_msgs-msg-paths.cmake, /home/admin-vras/aloam_ws/devel/share/subt_msgs/cmake/subt_msgs-msg-paths.cmake)
Linked: (/home/admin-vras/aloam_ws/devel/.private/subt_msgs/share/subt_msgs/cmake/subt_msgs-msg-extras.cmake, /home/admin-vras/aloam_ws/devel/share/subt_msgs/cmake/subt_msgs-msg-extras.cmake)
Linked: (/home/admin-vras/aloam_ws/devel/.private/subt_msgs/share/subt_msgs/cmake/subt_msgsConfig-version.cmake, /home/admin-vras/aloam_ws/devel/share/subt_msgs/cmake/subt_msgsConfig-version.cmake)
Linked: (/home/admin-vras/aloam_ws/devel/.private/subt_msgs/share/common-lisp/ros/subt_msgs/srv/Register.lisp, /home/admin-vras/aloam_ws/devel/share/common-lisp/ros/subt_msgs/srv/Register.lisp)
Linked: (/home/admin-vras/aloam_ws/devel/.private/subt_msgs/share/common-lisp/ros/subt_msgs/srv/PoseFromArtifact.lisp, /home/admin-vras/aloam_ws/devel/share/common-lisp/ros/subt_msgs/srv/PoseFromArtifact.lisp)
Linked: (/home/admin-vras/aloam_ws/devel/.private/subt_msgs/share/common-lisp/ros/subt_msgs/srv/Unregister.lisp, /home/admin-vras/aloam_ws/devel/share/common-lisp/ros/subt_msgs/srv/Unregister.lisp)
Linked: (/home/admin-vras/aloam_ws/devel/.private/subt_msgs/share/common-lisp/ros/subt_msgs/srv/_package_SetPose.lisp, /home/admin-vras/aloam_ws/devel/share/common-lisp/ros/subt_msgs/srv/_package_SetPose.lisp)
Linked: (/home/admin-vras/aloam_ws/devel/.private/subt_msgs/share/common-lisp/ros/subt_msgs/srv/_package.lisp, /home/admin-vras/aloam_ws/devel/share/common-lisp/ros/subt_msgs/srv/_package.lisp)
Linked: (/home/admin-vras/aloam_ws/devel/.private/subt_msgs/share/common-lisp/ros/subt_msgs/srv/_package_DatagramRos.lisp, /home/admin-vras/aloam_ws/devel/share/common-lisp/ros/subt_msgs/srv/_package_DatagramRos.lisp)
Linked: (/home/admin-vras/aloam_ws/devel/.private/subt_msgs/share/common-lisp/ros/subt_msgs/srv/Bind.lisp, /home/admin-vras/aloam_ws/devel/share/common-lisp/ros/subt_msgs/srv/Bind.lisp)
Linked: (/home/admin-vras/aloam_ws/devel/.private/subt_msgs/share/common-lisp/ros/subt_msgs/srv/_package_Bind.lisp, /home/admin-vras/aloam_ws/devel/share/common-lisp/ros/subt_msgs/srv/_package_Bind.lisp)
Linked: (/home/admin-vras/aloam_ws/devel/.private/subt_msgs/share/common-lisp/ros/subt_msgs/srv/SetPose.lisp, /home/admin-vras/aloam_ws/devel/share/common-lisp/ros/subt_msgs/srv/SetPose.lisp)
Linked: (/home/admin-vras/aloam_ws/devel/.private/subt_msgs/share/common-lisp/ros/subt_msgs/srv/DatagramRos.lisp, /home/admin-vras/aloam_ws/devel/share/common-lisp/ros/subt_msgs/srv/DatagramRos.lisp)
Linked: (/home/admin-vras/aloam_ws/devel/.private/subt_msgs/share/common-lisp/ros/subt_msgs/srv/_package_PoseFromArtifact.lisp, /home/admin-vras/aloam_ws/devel/share/common-lisp/ros/subt_msgs/srv/_package_PoseFromArtifact.lisp)
Linked: (/home/admin-vras/aloam_ws/devel/.private/subt_msgs/share/common-lisp/ros/subt_msgs/srv/SetRate.lisp, /home/admin-vras/aloam_ws/devel/share/common-lisp/ros/subt_msgs/srv/SetRate.lisp)
Linked: (/home/admin-vras/aloam_ws/devel/.private/subt_msgs/share/common-lisp/ros/subt_msgs/srv/_package_SetRate.lisp, /home/admin-vras/aloam_ws/devel/share/common-lisp/ros/subt_msgs/srv/_package_SetRate.lisp)
Linked: (/home/admin-vras/aloam_ws/devel/.private/subt_msgs/share/common-lisp/ros/subt_msgs/srv/_package_Register.lisp, /home/admin-vras/aloam_ws/devel/share/common-lisp/ros/subt_msgs/srv/_package_Register.lisp)
Linked: (/home/admin-vras/aloam_ws/devel/.private/subt_msgs/share/common-lisp/ros/subt_msgs/srv/subt_msgs-srv.asd, /home/admin-vras/aloam_ws/devel/share/common-lisp/ros/subt_msgs/srv/subt_msgs-srv.asd)
Linked: (/home/admin-vras/aloam_ws/devel/.private/subt_msgs/share/common-lisp/ros/subt_msgs/srv/_package_Unregister.lisp, /home/admin-vras/aloam_ws/devel/share/common-lisp/ros/subt_msgs/srv/_package_Unregister.lisp)
Linked: (/home/admin-vras/aloam_ws/devel/.private/subt_msgs/share/roseus/ros/subt_msgs/manifest.l, /home/admin-vras/aloam_ws/devel/share/roseus/ros/subt_msgs/manifest.l)
Linked: (/home/admin-vras/aloam_ws/devel/.private/subt_msgs/share/roseus/ros/subt_msgs/srv/Register.l, /home/admin-vras/aloam_ws/devel/share/roseus/ros/subt_msgs/srv/Register.l)
Linked: (/home/admin-vras/aloam_ws/devel/.private/subt_msgs/share/roseus/ros/subt_msgs/srv/DatagramRos.l, /home/admin-vras/aloam_ws/devel/share/roseus/ros/subt_msgs/srv/DatagramRos.l)
Linked: (/home/admin-vras/aloam_ws/devel/.private/subt_msgs/share/roseus/ros/subt_msgs/srv/PoseFromArtifact.l, /home/admin-vras/aloam_ws/devel/share/roseus/ros/subt_msgs/srv/PoseFromArtifact.l)
Linked: (/home/admin-vras/aloam_ws/devel/.private/subt_msgs/share/roseus/ros/subt_msgs/srv/SetRate.l, /home/admin-vras/aloam_ws/devel/share/roseus/ros/subt_msgs/srv/SetRate.l)
Linked: (/home/admin-vras/aloam_ws/devel/.private/subt_msgs/share/roseus/ros/subt_msgs/srv/Bind.l, /home/admin-vras/aloam_ws/devel/share/roseus/ros/subt_msgs/srv/Bind.l)
Linked: (/home/admin-vras/aloam_ws/devel/.private/subt_msgs/share/roseus/ros/subt_msgs/srv/SetPose.l, /home/admin-vras/aloam_ws/devel/share/roseus/ros/subt_msgs/srv/SetPose.l)
Linked: (/home/admin-vras/aloam_ws/devel/.private/subt_msgs/share/roseus/ros/subt_msgs/srv/Unregister.l, /home/admin-vras/aloam_ws/devel/share/roseus/ros/subt_msgs/srv/Unregister.l)
Linked: (/home/admin-vras/aloam_ws/devel/.private/subt_msgs/include/subt_msgs/DatagramRosRequest.h, /home/admin-vras/aloam_ws/devel/include/subt_msgs/DatagramRosRequest.h)
Linked: (/home/admin-vras/aloam_ws/devel/.private/subt_msgs/include/subt_msgs/UnregisterRequest.h, /home/admin-vras/aloam_ws/devel/include/subt_msgs/UnregisterRequest.h)
Linked: (/home/admin-vras/aloam_ws/devel/.private/subt_msgs/include/subt_msgs/BindRequest.h, /home/admin-vras/aloam_ws/devel/include/subt_msgs/BindRequest.h)
Linked: (/home/admin-vras/aloam_ws/devel/.private/subt_msgs/include/subt_msgs/UnregisterResponse.h, /home/admin-vras/aloam_ws/devel/include/subt_msgs/UnregisterResponse.h)
Linked: (/home/admin-vras/aloam_ws/devel/.private/subt_msgs/include/subt_msgs/DatagramRos.h, /home/admin-vras/aloam_ws/devel/include/subt_msgs/DatagramRos.h)
Linked: (/home/admin-vras/aloam_ws/devel/.private/subt_msgs/include/subt_msgs/DatagramRosResponse.h, /home/admin-vras/aloam_ws/devel/include/subt_msgs/DatagramRosResponse.h)
Linked: (/home/admin-vras/aloam_ws/devel/.private/subt_msgs/include/subt_msgs/PoseFromArtifactRequest.h, /home/admin-vras/aloam_ws/devel/include/subt_msgs/PoseFromArtifactRequest.h)
Linked: (/home/admin-vras/aloam_ws/devel/.private/subt_msgs/include/subt_msgs/Register.h, /home/admin-vras/aloam_ws/devel/include/subt_msgs/Register.h)
Linked: (/home/admin-vras/aloam_ws/devel/.private/subt_msgs/include/subt_msgs/RegisterRequest.h, /home/admin-vras/aloam_ws/devel/include/subt_msgs/RegisterRequest.h)
Linked: (/home/admin-vras/aloam_ws/devel/.private/subt_msgs/include/subt_msgs/BindResponse.h, /home/admin-vras/aloam_ws/devel/include/subt_msgs/BindResponse.h)
Linked: (/home/admin-vras/aloam_ws/devel/.private/subt_msgs/include/subt_msgs/SetPoseResponse.h, /home/admin-vras/aloam_ws/devel/include/subt_msgs/SetPoseResponse.h)
Linked: (/home/admin-vras/aloam_ws/devel/.private/subt_msgs/include/subt_msgs/SetRateRequest.h, /home/admin-vras/aloam_ws/devel/include/subt_msgs/SetRateRequest.h)
Linked: (/home/admin-vras/aloam_ws/devel/.private/subt_msgs/include/subt_msgs/SetPoseRequest.h, /home/admin-vras/aloam_ws/devel/include/subt_msgs/SetPoseRequest.h)
Linked: (/home/admin-vras/aloam_ws/devel/.private/subt_msgs/include/subt_msgs/PoseFromArtifact.h, /home/admin-vras/aloam_ws/devel/include/subt_msgs/PoseFromArtifact.h)
Linked: (/home/admin-vras/aloam_ws/devel/.private/subt_msgs/include/subt_msgs/Unregister.h, /home/admin-vras/aloam_ws/devel/include/subt_msgs/Unregister.h)
Linked: (/home/admin-vras/aloam_ws/devel/.private/subt_msgs/include/subt_msgs/Bind.h, /home/admin-vras/aloam_ws/devel/include/subt_msgs/Bind.h)
Linked: (/home/admin-vras/aloam_ws/devel/.private/subt_msgs/include/subt_msgs/SetRateResponse.h, /home/admin-vras/aloam_ws/devel/include/subt_msgs/SetRateResponse.h)
Linked: (/home/admin-vras/aloam_ws/devel/.private/subt_msgs/include/subt_msgs/SetPose.h, /home/admin-vras/aloam_ws/devel/include/subt_msgs/SetPose.h)
Linked: (/home/admin-vras/aloam_ws/devel/.private/subt_msgs/include/subt_msgs/PoseFromArtifactResponse.h, /home/admin-vras/aloam_ws/devel/include/subt_msgs/PoseFromArtifactResponse.h)
Linked: (/home/admin-vras/aloam_ws/devel/.private/subt_msgs/include/subt_msgs/SetRate.h, /home/admin-vras/aloam_ws/devel/include/subt_msgs/SetRate.h)
Linked: (/home/admin-vras/aloam_ws/devel/.private/subt_msgs/include/subt_msgs/RegisterResponse.h, /home/admin-vras/aloam_ws/devel/include/subt_msgs/RegisterResponse.h)
