Determining if the pthread_create exist failed with the following output:
Change Dir: /home/admin-vras/aloam_ws/build/aloam_velodyne/CMakeFiles/CMakeTmp

Run Build Command:"/usr/bin/make" "cmTC_aecf4/fast"
/usr/bin/make -f CMakeFiles/cmTC_aecf4.dir/build.make CMakeFiles/cmTC_aecf4.dir/build
make[1]: Entering directory '/home/admin-vras/aloam_ws/build/aloam_velodyne/CMakeFiles/CMakeTmp'
Building C object CMakeFiles/cmTC_aecf4.dir/CheckSymbolExists.c.o
/usr/bin/cc    -o CMakeFiles/cmTC_aecf4.dir/CheckSymbolExists.c.o   -c /home/admin-vras/aloam_ws/build/aloam_velodyne/CMakeFiles/CMakeTmp/CheckSymbolExists.c
Linking C executable cmTC_aecf4
/usr/bin/cmake -E cmake_link_script CMakeFiles/cmTC_aecf4.dir/link.txt --verbose=1
/usr/bin/cc      -rdynamic CMakeFiles/cmTC_aecf4.dir/CheckSymbolExists.c.o  -o cmTC_aecf4 
CMakeFiles/cmTC_aecf4.dir/CheckSymbolExists.c.o: In function `main':
CheckSymbolExists.c:(.text+0x1b): undefined reference to `pthread_create'
collect2: error: ld returned 1 exit status
CMakeFiles/cmTC_aecf4.dir/build.make:97: recipe for target 'cmTC_aecf4' failed
make[1]: *** [cmTC_aecf4] Error 1
make[1]: Leaving directory '/home/admin-vras/aloam_ws/build/aloam_velodyne/CMakeFiles/CMakeTmp'
Makefile:126: recipe for target 'cmTC_aecf4/fast' failed
make: *** [cmTC_aecf4/fast] Error 2

File /home/admin-vras/aloam_ws/build/aloam_velodyne/CMakeFiles/CMakeTmp/CheckSymbolExists.c:
/* */
#include <pthread.h>

int main(int argc, char** argv)
{
  (void)argv;
#ifndef pthread_create
  return ((int*)(&pthread_create))[argc];
#else
  (void)argc;
  return 0;
#endif
}

Determining if the function pthread_create exists in the pthreads failed with the following output:
Change Dir: /home/admin-vras/aloam_ws/build/aloam_velodyne/CMakeFiles/CMakeTmp

Run Build Command:"/usr/bin/make" "cmTC_7e5aa/fast"
/usr/bin/make -f CMakeFiles/cmTC_7e5aa.dir/build.make CMakeFiles/cmTC_7e5aa.dir/build
make[1]: Entering directory '/home/admin-vras/aloam_ws/build/aloam_velodyne/CMakeFiles/CMakeTmp'
Building C object CMakeFiles/cmTC_7e5aa.dir/CheckFunctionExists.c.o
/usr/bin/cc   -DCHECK_FUNCTION_EXISTS=pthread_create   -o CMakeFiles/cmTC_7e5aa.dir/CheckFunctionExists.c.o   -c /usr/share/cmake-3.10/Modules/CheckFunctionExists.c
Linking C executable cmTC_7e5aa
/usr/bin/cmake -E cmake_link_script CMakeFiles/cmTC_7e5aa.dir/link.txt --verbose=1
/usr/bin/cc  -DCHECK_FUNCTION_EXISTS=pthread_create    -rdynamic CMakeFiles/cmTC_7e5aa.dir/CheckFunctionExists.c.o  -o cmTC_7e5aa -lpthreads 
/usr/bin/ld: cannot find -lpthreads
collect2: error: ld returned 1 exit status
CMakeFiles/cmTC_7e5aa.dir/build.make:97: recipe for target 'cmTC_7e5aa' failed
make[1]: *** [cmTC_7e5aa] Error 1
make[1]: Leaving directory '/home/admin-vras/aloam_ws/build/aloam_velodyne/CMakeFiles/CMakeTmp'
Makefile:126: recipe for target 'cmTC_7e5aa/fast' failed
make: *** [cmTC_7e5aa/fast] Error 2


