Determining if the pthread_create exist failed with the following output:
Change Dir: /home/admin-vras/aloam_ws/build/robotika_freyja_sensor_config_2/CMakeFiles/CMakeTmp

Run Build Command:"/usr/bin/make" "cmTC_d48ea/fast"
/usr/bin/make -f CMakeFiles/cmTC_d48ea.dir/build.make CMakeFiles/cmTC_d48ea.dir/build
make[1]: Entering directory '/home/admin-vras/aloam_ws/build/robotika_freyja_sensor_config_2/CMakeFiles/CMakeTmp'
Building C object CMakeFiles/cmTC_d48ea.dir/CheckSymbolExists.c.o
/usr/bin/cc    -o CMakeFiles/cmTC_d48ea.dir/CheckSymbolExists.c.o   -c /home/admin-vras/aloam_ws/build/robotika_freyja_sensor_config_2/CMakeFiles/CMakeTmp/CheckSymbolExists.c
Linking C executable cmTC_d48ea
/usr/bin/cmake -E cmake_link_script CMakeFiles/cmTC_d48ea.dir/link.txt --verbose=1
/usr/bin/cc      -rdynamic CMakeFiles/cmTC_d48ea.dir/CheckSymbolExists.c.o  -o cmTC_d48ea 
CMakeFiles/cmTC_d48ea.dir/CheckSymbolExists.c.o: In function `main':
CheckSymbolExists.c:(.text+0x1b): undefined reference to `pthread_create'
collect2: error: ld returned 1 exit status
CMakeFiles/cmTC_d48ea.dir/build.make:97: recipe for target 'cmTC_d48ea' failed
make[1]: *** [cmTC_d48ea] Error 1
make[1]: Leaving directory '/home/admin-vras/aloam_ws/build/robotika_freyja_sensor_config_2/CMakeFiles/CMakeTmp'
Makefile:126: recipe for target 'cmTC_d48ea/fast' failed
make: *** [cmTC_d48ea/fast] Error 2

File /home/admin-vras/aloam_ws/build/robotika_freyja_sensor_config_2/CMakeFiles/CMakeTmp/CheckSymbolExists.c:
/* */
#include <pthread.h>

int main(int argc, char** argv)
{
  (void)argv;
#ifndef pthread_create
  return ((int*)(&pthread_create))[argc];
#else
  (void)argc;
  return 0;
#endif
}

Determining if the function pthread_create exists in the pthreads failed with the following output:
Change Dir: /home/admin-vras/aloam_ws/build/robotika_freyja_sensor_config_2/CMakeFiles/CMakeTmp

Run Build Command:"/usr/bin/make" "cmTC_702a8/fast"
/usr/bin/make -f CMakeFiles/cmTC_702a8.dir/build.make CMakeFiles/cmTC_702a8.dir/build
make[1]: Entering directory '/home/admin-vras/aloam_ws/build/robotika_freyja_sensor_config_2/CMakeFiles/CMakeTmp'
Building C object CMakeFiles/cmTC_702a8.dir/CheckFunctionExists.c.o
/usr/bin/cc   -DCHECK_FUNCTION_EXISTS=pthread_create   -o CMakeFiles/cmTC_702a8.dir/CheckFunctionExists.c.o   -c /usr/share/cmake-3.10/Modules/CheckFunctionExists.c
Linking C executable cmTC_702a8
/usr/bin/cmake -E cmake_link_script CMakeFiles/cmTC_702a8.dir/link.txt --verbose=1
/usr/bin/cc  -DCHECK_FUNCTION_EXISTS=pthread_create    -rdynamic CMakeFiles/cmTC_702a8.dir/CheckFunctionExists.c.o  -o cmTC_702a8 -lpthreads 
/usr/bin/ld: cannot find -lpthreads
collect2: error: ld returned 1 exit status
CMakeFiles/cmTC_702a8.dir/build.make:97: recipe for target 'cmTC_702a8' failed
make[1]: *** [cmTC_702a8] Error 1
make[1]: Leaving directory '/home/admin-vras/aloam_ws/build/robotika_freyja_sensor_config_2/CMakeFiles/CMakeTmp'
Makefile:126: recipe for target 'cmTC_702a8/fast' failed
make: *** [cmTC_702a8/fast] Error 2


