Determining if the pthread_create exist failed with the following output:
Change Dir: /home/admin-vras/aloam_ws/build/x2_msgs/CMakeFiles/CMakeTmp

Run Build Command:"/usr/bin/make" "cmTC_f752a/fast"
/usr/bin/make -f CMakeFiles/cmTC_f752a.dir/build.make CMakeFiles/cmTC_f752a.dir/build
make[1]: Entering directory '/home/admin-vras/aloam_ws/build/x2_msgs/CMakeFiles/CMakeTmp'
Building C object CMakeFiles/cmTC_f752a.dir/CheckSymbolExists.c.o
/usr/bin/cc    -o CMakeFiles/cmTC_f752a.dir/CheckSymbolExists.c.o   -c /home/admin-vras/aloam_ws/build/x2_msgs/CMakeFiles/CMakeTmp/CheckSymbolExists.c
Linking C executable cmTC_f752a
/usr/bin/cmake -E cmake_link_script CMakeFiles/cmTC_f752a.dir/link.txt --verbose=1
/usr/bin/cc      -rdynamic CMakeFiles/cmTC_f752a.dir/CheckSymbolExists.c.o  -o cmTC_f752a 
CMakeFiles/cmTC_f752a.dir/CheckSymbolExists.c.o: In function `main':
CheckSymbolExists.c:(.text+0x1b): undefined reference to `pthread_create'
collect2: error: ld returned 1 exit status
CMakeFiles/cmTC_f752a.dir/build.make:97: recipe for target 'cmTC_f752a' failed
make[1]: *** [cmTC_f752a] Error 1
make[1]: Leaving directory '/home/admin-vras/aloam_ws/build/x2_msgs/CMakeFiles/CMakeTmp'
Makefile:126: recipe for target 'cmTC_f752a/fast' failed
make: *** [cmTC_f752a/fast] Error 2

File /home/admin-vras/aloam_ws/build/x2_msgs/CMakeFiles/CMakeTmp/CheckSymbolExists.c:
/* */
#include <pthread.h>

int main(int argc, char** argv)
{
  (void)argv;
#ifndef pthread_create
  return ((int*)(&pthread_create))[argc];
#else
  (void)argc;
  return 0;
#endif
}

Determining if the function pthread_create exists in the pthreads failed with the following output:
Change Dir: /home/admin-vras/aloam_ws/build/x2_msgs/CMakeFiles/CMakeTmp

Run Build Command:"/usr/bin/make" "cmTC_eb6e5/fast"
/usr/bin/make -f CMakeFiles/cmTC_eb6e5.dir/build.make CMakeFiles/cmTC_eb6e5.dir/build
make[1]: Entering directory '/home/admin-vras/aloam_ws/build/x2_msgs/CMakeFiles/CMakeTmp'
Building C object CMakeFiles/cmTC_eb6e5.dir/CheckFunctionExists.c.o
/usr/bin/cc   -DCHECK_FUNCTION_EXISTS=pthread_create   -o CMakeFiles/cmTC_eb6e5.dir/CheckFunctionExists.c.o   -c /usr/share/cmake-3.10/Modules/CheckFunctionExists.c
Linking C executable cmTC_eb6e5
/usr/bin/cmake -E cmake_link_script CMakeFiles/cmTC_eb6e5.dir/link.txt --verbose=1
/usr/bin/cc  -DCHECK_FUNCTION_EXISTS=pthread_create    -rdynamic CMakeFiles/cmTC_eb6e5.dir/CheckFunctionExists.c.o  -o cmTC_eb6e5 -lpthreads 
/usr/bin/ld: cannot find -lpthreads
collect2: error: ld returned 1 exit status
CMakeFiles/cmTC_eb6e5.dir/build.make:97: recipe for target 'cmTC_eb6e5' failed
make[1]: *** [cmTC_eb6e5] Error 1
make[1]: Leaving directory '/home/admin-vras/aloam_ws/build/x2_msgs/CMakeFiles/CMakeTmp'
Makefile:126: recipe for target 'cmTC_eb6e5/fast' failed
make: *** [cmTC_eb6e5/fast] Error 2


