Determining if the pthread_create exist failed with the following output:
Change Dir: /home/admin-vras/aloam_ws/build/x1_description/CMakeFiles/CMakeTmp

Run Build Command:"/usr/bin/make" "cmTC_2b56d/fast"
/usr/bin/make -f CMakeFiles/cmTC_2b56d.dir/build.make CMakeFiles/cmTC_2b56d.dir/build
make[1]: Entering directory '/home/admin-vras/aloam_ws/build/x1_description/CMakeFiles/CMakeTmp'
Building C object CMakeFiles/cmTC_2b56d.dir/CheckSymbolExists.c.o
/usr/bin/cc    -o CMakeFiles/cmTC_2b56d.dir/CheckSymbolExists.c.o   -c /home/admin-vras/aloam_ws/build/x1_description/CMakeFiles/CMakeTmp/CheckSymbolExists.c
Linking C executable cmTC_2b56d
/usr/bin/cmake -E cmake_link_script CMakeFiles/cmTC_2b56d.dir/link.txt --verbose=1
/usr/bin/cc      -rdynamic CMakeFiles/cmTC_2b56d.dir/CheckSymbolExists.c.o  -o cmTC_2b56d 
CMakeFiles/cmTC_2b56d.dir/CheckSymbolExists.c.o: In function `main':
CheckSymbolExists.c:(.text+0x1b): undefined reference to `pthread_create'
collect2: error: ld returned 1 exit status
CMakeFiles/cmTC_2b56d.dir/build.make:97: recipe for target 'cmTC_2b56d' failed
make[1]: *** [cmTC_2b56d] Error 1
make[1]: Leaving directory '/home/admin-vras/aloam_ws/build/x1_description/CMakeFiles/CMakeTmp'
Makefile:126: recipe for target 'cmTC_2b56d/fast' failed
make: *** [cmTC_2b56d/fast] Error 2

File /home/admin-vras/aloam_ws/build/x1_description/CMakeFiles/CMakeTmp/CheckSymbolExists.c:
/* */
#include <pthread.h>

int main(int argc, char** argv)
{
  (void)argv;
#ifndef pthread_create
  return ((int*)(&pthread_create))[argc];
#else
  (void)argc;
  return 0;
#endif
}

Determining if the function pthread_create exists in the pthreads failed with the following output:
Change Dir: /home/admin-vras/aloam_ws/build/x1_description/CMakeFiles/CMakeTmp

Run Build Command:"/usr/bin/make" "cmTC_9de5e/fast"
/usr/bin/make -f CMakeFiles/cmTC_9de5e.dir/build.make CMakeFiles/cmTC_9de5e.dir/build
make[1]: Entering directory '/home/admin-vras/aloam_ws/build/x1_description/CMakeFiles/CMakeTmp'
Building C object CMakeFiles/cmTC_9de5e.dir/CheckFunctionExists.c.o
/usr/bin/cc   -DCHECK_FUNCTION_EXISTS=pthread_create   -o CMakeFiles/cmTC_9de5e.dir/CheckFunctionExists.c.o   -c /usr/share/cmake-3.10/Modules/CheckFunctionExists.c
Linking C executable cmTC_9de5e
/usr/bin/cmake -E cmake_link_script CMakeFiles/cmTC_9de5e.dir/link.txt --verbose=1
/usr/bin/cc  -DCHECK_FUNCTION_EXISTS=pthread_create    -rdynamic CMakeFiles/cmTC_9de5e.dir/CheckFunctionExists.c.o  -o cmTC_9de5e -lpthreads 
/usr/bin/ld: cannot find -lpthreads
collect2: error: ld returned 1 exit status
CMakeFiles/cmTC_9de5e.dir/build.make:97: recipe for target 'cmTC_9de5e' failed
make[1]: *** [cmTC_9de5e] Error 1
make[1]: Leaving directory '/home/admin-vras/aloam_ws/build/x1_description/CMakeFiles/CMakeTmp'
Makefile:126: recipe for target 'cmTC_9de5e/fast' failed
make: *** [cmTC_9de5e/fast] Error 2


