Determining if the pthread_create exist failed with the following output:
Change Dir: /home/admin-vras/aloam_ws/build/robotika_x2_sensor_config_1/CMakeFiles/CMakeTmp

Run Build Command:"/usr/bin/make" "cmTC_d4059/fast"
/usr/bin/make -f CMakeFiles/cmTC_d4059.dir/build.make CMakeFiles/cmTC_d4059.dir/build
make[1]: Entering directory '/home/admin-vras/aloam_ws/build/robotika_x2_sensor_config_1/CMakeFiles/CMakeTmp'
Building C object CMakeFiles/cmTC_d4059.dir/CheckSymbolExists.c.o
/usr/bin/cc    -o CMakeFiles/cmTC_d4059.dir/CheckSymbolExists.c.o   -c /home/admin-vras/aloam_ws/build/robotika_x2_sensor_config_1/CMakeFiles/CMakeTmp/CheckSymbolExists.c
Linking C executable cmTC_d4059
/usr/bin/cmake -E cmake_link_script CMakeFiles/cmTC_d4059.dir/link.txt --verbose=1
/usr/bin/cc      -rdynamic CMakeFiles/cmTC_d4059.dir/CheckSymbolExists.c.o  -o cmTC_d4059 
CMakeFiles/cmTC_d4059.dir/CheckSymbolExists.c.o: In function `main':
CheckSymbolExists.c:(.text+0x1b): undefined reference to `pthread_create'
collect2: error: ld returned 1 exit status
CMakeFiles/cmTC_d4059.dir/build.make:97: recipe for target 'cmTC_d4059' failed
make[1]: *** [cmTC_d4059] Error 1
make[1]: Leaving directory '/home/admin-vras/aloam_ws/build/robotika_x2_sensor_config_1/CMakeFiles/CMakeTmp'
Makefile:126: recipe for target 'cmTC_d4059/fast' failed
make: *** [cmTC_d4059/fast] Error 2

File /home/admin-vras/aloam_ws/build/robotika_x2_sensor_config_1/CMakeFiles/CMakeTmp/CheckSymbolExists.c:
/* */
#include <pthread.h>

int main(int argc, char** argv)
{
  (void)argv;
#ifndef pthread_create
  return ((int*)(&pthread_create))[argc];
#else
  (void)argc;
  return 0;
#endif
}

Determining if the function pthread_create exists in the pthreads failed with the following output:
Change Dir: /home/admin-vras/aloam_ws/build/robotika_x2_sensor_config_1/CMakeFiles/CMakeTmp

Run Build Command:"/usr/bin/make" "cmTC_638e7/fast"
/usr/bin/make -f CMakeFiles/cmTC_638e7.dir/build.make CMakeFiles/cmTC_638e7.dir/build
make[1]: Entering directory '/home/admin-vras/aloam_ws/build/robotika_x2_sensor_config_1/CMakeFiles/CMakeTmp'
Building C object CMakeFiles/cmTC_638e7.dir/CheckFunctionExists.c.o
/usr/bin/cc   -DCHECK_FUNCTION_EXISTS=pthread_create   -o CMakeFiles/cmTC_638e7.dir/CheckFunctionExists.c.o   -c /usr/share/cmake-3.10/Modules/CheckFunctionExists.c
Linking C executable cmTC_638e7
/usr/bin/cmake -E cmake_link_script CMakeFiles/cmTC_638e7.dir/link.txt --verbose=1
/usr/bin/cc  -DCHECK_FUNCTION_EXISTS=pthread_create    -rdynamic CMakeFiles/cmTC_638e7.dir/CheckFunctionExists.c.o  -o cmTC_638e7 -lpthreads 
/usr/bin/ld: cannot find -lpthreads
collect2: error: ld returned 1 exit status
CMakeFiles/cmTC_638e7.dir/build.make:97: recipe for target 'cmTC_638e7' failed
make[1]: *** [cmTC_638e7] Error 1
make[1]: Leaving directory '/home/admin-vras/aloam_ws/build/robotika_x2_sensor_config_1/CMakeFiles/CMakeTmp'
Makefile:126: recipe for target 'cmTC_638e7/fast' failed
make: *** [cmTC_638e7/fast] Error 2


