Determining if the pthread_create exist failed with the following output:
Change Dir: /home/admin-vras/aloam_ws/build/cerberus_anymal_b_ignition_gazebo_plugin_1/CMakeFiles/CMakeTmp

Run Build Command:"/usr/bin/make" "cmTC_555ab/fast"
/usr/bin/make -f CMakeFiles/cmTC_555ab.dir/build.make CMakeFiles/cmTC_555ab.dir/build
make[1]: Entering directory '/home/admin-vras/aloam_ws/build/cerberus_anymal_b_ignition_gazebo_plugin_1/CMakeFiles/CMakeTmp'
Building C object CMakeFiles/cmTC_555ab.dir/CheckSymbolExists.c.o
/usr/bin/cc    -o CMakeFiles/cmTC_555ab.dir/CheckSymbolExists.c.o   -c /home/admin-vras/aloam_ws/build/cerberus_anymal_b_ignition_gazebo_plugin_1/CMakeFiles/CMakeTmp/CheckSymbolExists.c
Linking C executable cmTC_555ab
/usr/bin/cmake -E cmake_link_script CMakeFiles/cmTC_555ab.dir/link.txt --verbose=1
/usr/bin/cc      -rdynamic CMakeFiles/cmTC_555ab.dir/CheckSymbolExists.c.o  -o cmTC_555ab 
CMakeFiles/cmTC_555ab.dir/CheckSymbolExists.c.o: In function `main':
CheckSymbolExists.c:(.text+0x1b): undefined reference to `pthread_create'
collect2: error: ld returned 1 exit status
CMakeFiles/cmTC_555ab.dir/build.make:97: recipe for target 'cmTC_555ab' failed
make[1]: *** [cmTC_555ab] Error 1
make[1]: Leaving directory '/home/admin-vras/aloam_ws/build/cerberus_anymal_b_ignition_gazebo_plugin_1/CMakeFiles/CMakeTmp'
Makefile:126: recipe for target 'cmTC_555ab/fast' failed
make: *** [cmTC_555ab/fast] Error 2

File /home/admin-vras/aloam_ws/build/cerberus_anymal_b_ignition_gazebo_plugin_1/CMakeFiles/CMakeTmp/CheckSymbolExists.c:
/* */
#include <pthread.h>

int main(int argc, char** argv)
{
  (void)argv;
#ifndef pthread_create
  return ((int*)(&pthread_create))[argc];
#else
  (void)argc;
  return 0;
#endif
}

Determining if the function pthread_create exists in the pthreads failed with the following output:
Change Dir: /home/admin-vras/aloam_ws/build/cerberus_anymal_b_ignition_gazebo_plugin_1/CMakeFiles/CMakeTmp

Run Build Command:"/usr/bin/make" "cmTC_07b22/fast"
/usr/bin/make -f CMakeFiles/cmTC_07b22.dir/build.make CMakeFiles/cmTC_07b22.dir/build
make[1]: Entering directory '/home/admin-vras/aloam_ws/build/cerberus_anymal_b_ignition_gazebo_plugin_1/CMakeFiles/CMakeTmp'
Building C object CMakeFiles/cmTC_07b22.dir/CheckFunctionExists.c.o
/usr/bin/cc   -DCHECK_FUNCTION_EXISTS=pthread_create   -o CMakeFiles/cmTC_07b22.dir/CheckFunctionExists.c.o   -c /usr/share/cmake-3.10/Modules/CheckFunctionExists.c
Linking C executable cmTC_07b22
/usr/bin/cmake -E cmake_link_script CMakeFiles/cmTC_07b22.dir/link.txt --verbose=1
/usr/bin/cc  -DCHECK_FUNCTION_EXISTS=pthread_create    -rdynamic CMakeFiles/cmTC_07b22.dir/CheckFunctionExists.c.o  -o cmTC_07b22 -lpthreads 
/usr/bin/ld: cannot find -lpthreads
collect2: error: ld returned 1 exit status
CMakeFiles/cmTC_07b22.dir/build.make:97: recipe for target 'cmTC_07b22' failed
make[1]: *** [cmTC_07b22] Error 1
make[1]: Leaving directory '/home/admin-vras/aloam_ws/build/cerberus_anymal_b_ignition_gazebo_plugin_1/CMakeFiles/CMakeTmp'
Makefile:126: recipe for target 'cmTC_07b22/fast' failed
make: *** [cmTC_07b22/fast] Error 2


