Determining if the pthread_create exist failed with the following output:
Change Dir: /home/admin-vras/aloam_ws/build/explorer_ds1_sensor_config_1/CMakeFiles/CMakeTmp

Run Build Command:"/usr/bin/make" "cmTC_1f24d/fast"
/usr/bin/make -f CMakeFiles/cmTC_1f24d.dir/build.make CMakeFiles/cmTC_1f24d.dir/build
make[1]: Entering directory '/home/admin-vras/aloam_ws/build/explorer_ds1_sensor_config_1/CMakeFiles/CMakeTmp'
Building C object CMakeFiles/cmTC_1f24d.dir/CheckSymbolExists.c.o
/usr/bin/cc    -o CMakeFiles/cmTC_1f24d.dir/CheckSymbolExists.c.o   -c /home/admin-vras/aloam_ws/build/explorer_ds1_sensor_config_1/CMakeFiles/CMakeTmp/CheckSymbolExists.c
Linking C executable cmTC_1f24d
/usr/bin/cmake -E cmake_link_script CMakeFiles/cmTC_1f24d.dir/link.txt --verbose=1
/usr/bin/cc      -rdynamic CMakeFiles/cmTC_1f24d.dir/CheckSymbolExists.c.o  -o cmTC_1f24d 
CMakeFiles/cmTC_1f24d.dir/CheckSymbolExists.c.o: In function `main':
CheckSymbolExists.c:(.text+0x1b): undefined reference to `pthread_create'
collect2: error: ld returned 1 exit status
CMakeFiles/cmTC_1f24d.dir/build.make:97: recipe for target 'cmTC_1f24d' failed
make[1]: *** [cmTC_1f24d] Error 1
make[1]: Leaving directory '/home/admin-vras/aloam_ws/build/explorer_ds1_sensor_config_1/CMakeFiles/CMakeTmp'
Makefile:126: recipe for target 'cmTC_1f24d/fast' failed
make: *** [cmTC_1f24d/fast] Error 2

File /home/admin-vras/aloam_ws/build/explorer_ds1_sensor_config_1/CMakeFiles/CMakeTmp/CheckSymbolExists.c:
/* */
#include <pthread.h>

int main(int argc, char** argv)
{
  (void)argv;
#ifndef pthread_create
  return ((int*)(&pthread_create))[argc];
#else
  (void)argc;
  return 0;
#endif
}

Determining if the function pthread_create exists in the pthreads failed with the following output:
Change Dir: /home/admin-vras/aloam_ws/build/explorer_ds1_sensor_config_1/CMakeFiles/CMakeTmp

Run Build Command:"/usr/bin/make" "cmTC_342e9/fast"
/usr/bin/make -f CMakeFiles/cmTC_342e9.dir/build.make CMakeFiles/cmTC_342e9.dir/build
make[1]: Entering directory '/home/admin-vras/aloam_ws/build/explorer_ds1_sensor_config_1/CMakeFiles/CMakeTmp'
Building C object CMakeFiles/cmTC_342e9.dir/CheckFunctionExists.c.o
/usr/bin/cc   -DCHECK_FUNCTION_EXISTS=pthread_create   -o CMakeFiles/cmTC_342e9.dir/CheckFunctionExists.c.o   -c /usr/share/cmake-3.10/Modules/CheckFunctionExists.c
Linking C executable cmTC_342e9
/usr/bin/cmake -E cmake_link_script CMakeFiles/cmTC_342e9.dir/link.txt --verbose=1
/usr/bin/cc  -DCHECK_FUNCTION_EXISTS=pthread_create    -rdynamic CMakeFiles/cmTC_342e9.dir/CheckFunctionExists.c.o  -o cmTC_342e9 -lpthreads 
/usr/bin/ld: cannot find -lpthreads
collect2: error: ld returned 1 exit status
CMakeFiles/cmTC_342e9.dir/build.make:97: recipe for target 'cmTC_342e9' failed
make[1]: *** [cmTC_342e9] Error 1
make[1]: Leaving directory '/home/admin-vras/aloam_ws/build/explorer_ds1_sensor_config_1/CMakeFiles/CMakeTmp'
Makefile:126: recipe for target 'cmTC_342e9/fast' failed
make: *** [cmTC_342e9/fast] Error 2


