Determining if the pthread_create exist failed with the following output:
Change Dir: /home/admin-vras/aloam_ws/build/subt_ign/CMakeFiles/CMakeTmp

Run Build Command:"/usr/bin/make" "cmTC_23775/fast"
/usr/bin/make -f CMakeFiles/cmTC_23775.dir/build.make CMakeFiles/cmTC_23775.dir/build
make[1]: Entering directory '/home/admin-vras/aloam_ws/build/subt_ign/CMakeFiles/CMakeTmp'
Building C object CMakeFiles/cmTC_23775.dir/CheckSymbolExists.c.o
/usr/bin/cc    -o CMakeFiles/cmTC_23775.dir/CheckSymbolExists.c.o   -c /home/admin-vras/aloam_ws/build/subt_ign/CMakeFiles/CMakeTmp/CheckSymbolExists.c
Linking C executable cmTC_23775
/usr/bin/cmake -E cmake_link_script CMakeFiles/cmTC_23775.dir/link.txt --verbose=1
/usr/bin/cc      CMakeFiles/cmTC_23775.dir/CheckSymbolExists.c.o  -o cmTC_23775 
CMakeFiles/cmTC_23775.dir/CheckSymbolExists.c.o: In function `main':
CheckSymbolExists.c:(.text+0x1b): undefined reference to `pthread_create'
collect2: error: ld returned 1 exit status
CMakeFiles/cmTC_23775.dir/build.make:97: recipe for target 'cmTC_23775' failed
make[1]: *** [cmTC_23775] Error 1
make[1]: Leaving directory '/home/admin-vras/aloam_ws/build/subt_ign/CMakeFiles/CMakeTmp'
Makefile:126: recipe for target 'cmTC_23775/fast' failed
make: *** [cmTC_23775/fast] Error 2

File /home/admin-vras/aloam_ws/build/subt_ign/CMakeFiles/CMakeTmp/CheckSymbolExists.c:
/* */
#include <pthread.h>

int main(int argc, char** argv)
{
  (void)argv;
#ifndef pthread_create
  return ((int*)(&pthread_create))[argc];
#else
  (void)argc;
  return 0;
#endif
}

Determining if the function pthread_create exists in the pthreads failed with the following output:
Change Dir: /home/admin-vras/aloam_ws/build/subt_ign/CMakeFiles/CMakeTmp

Run Build Command:"/usr/bin/make" "cmTC_65bc1/fast"
/usr/bin/make -f CMakeFiles/cmTC_65bc1.dir/build.make CMakeFiles/cmTC_65bc1.dir/build
make[1]: Entering directory '/home/admin-vras/aloam_ws/build/subt_ign/CMakeFiles/CMakeTmp'
Building C object CMakeFiles/cmTC_65bc1.dir/CheckFunctionExists.c.o
/usr/bin/cc   -DCHECK_FUNCTION_EXISTS=pthread_create   -o CMakeFiles/cmTC_65bc1.dir/CheckFunctionExists.c.o   -c /usr/share/cmake-3.10/Modules/CheckFunctionExists.c
Linking C executable cmTC_65bc1
/usr/bin/cmake -E cmake_link_script CMakeFiles/cmTC_65bc1.dir/link.txt --verbose=1
/usr/bin/cc  -DCHECK_FUNCTION_EXISTS=pthread_create    CMakeFiles/cmTC_65bc1.dir/CheckFunctionExists.c.o  -o cmTC_65bc1 -lpthreads 
/usr/bin/ld: cannot find -lpthreads
collect2: error: ld returned 1 exit status
CMakeFiles/cmTC_65bc1.dir/build.make:97: recipe for target 'cmTC_65bc1' failed
make[1]: *** [cmTC_65bc1] Error 1
make[1]: Leaving directory '/home/admin-vras/aloam_ws/build/subt_ign/CMakeFiles/CMakeTmp'
Makefile:126: recipe for target 'cmTC_65bc1/fast' failed
make: *** [cmTC_65bc1/fast] Error 2


