[  0%] Built target tf2_msgs_generate_messages_lisp
[  0%] Built target topic_tools_generate_messages_cpp
[  0%] Built target actionlib_msgs_generate_messages_lisp
[  0%] Built target tf2_msgs_generate_messages_cpp
[  0%] Built target actionlib_generate_messages_cpp
[  0%] Built target roscpp_generate_messages_cpp
[  0%] Built target geometry_msgs_generate_messages_lisp
[  0%] Built target rosgraph_msgs_generate_messages_cpp
[  0%] Built target actionlib_msgs_generate_messages_cpp
[  0%] Built target rosgraph_msgs_generate_messages_eus
[  0%] Built target geometry_msgs_generate_messages_eus
[  0%] Built target tf2_msgs_generate_messages_nodejs
[  0%] Built target std_srvs_generate_messages_cpp
[  0%] Built target tf2_msgs_generate_messages_eus
[  0%] Built target std_srvs_generate_messages_eus
[  0%] Built target roscpp_generate_messages_lisp
[  0%] Built target std_msgs_generate_messages_cpp
[  0%] Built target actionlib_msgs_generate_messages_py
[  0%] Built target actionlib_msgs_generate_messages_eus
[  0%] Built target subt_msgs_generate_messages_py
[  0%] Built target roscpp_generate_messages_eus
[  0%] Built target rosgraph_msgs_generate_messages_py
[  0%] Built target rosgraph_msgs_generate_messages_nodejs
[  0%] Built target std_msgs_generate_messages_eus
[  0%] Built target geometry_msgs_generate_messages_nodejs
[  0%] Built target geometry_msgs_generate_messages_py
[  0%] Built target roscpp_generate_messages_nodejs
[  0%] Built target std_msgs_generate_messages_lisp
[  0%] Built target std_msgs_generate_messages_nodejs
[  0%] Built target std_msgs_generate_messages_py
[  0%] Built target actionlib_generate_messages_eus
[  0%] Built target geometry_msgs_generate_messages_cpp
[  0%] Built target actionlib_generate_messages_lisp
[  0%] Built target subt_msgs_generate_messages_lisp
[  0%] Built target std_srvs_generate_messages_nodejs
[  0%] Built target actionlib_generate_messages_nodejs
[  0%] Built target tf2_msgs_generate_messages_py
[  0%] Built target actionlib_generate_messages_py
[  0%] Built target topic_tools_generate_messages_nodejs
[  0%] Built target topic_tools_generate_messages_eus
[  0%] Built target topic_tools_generate_messages_lisp
[  0%] Built target std_srvs_generate_messages_lisp
[  0%] Built target actionlib_msgs_generate_messages_nodejs
[  0%] Built target topic_tools_generate_messages_py
[  0%] Built target subt_msgs_generate_messages_cpp
[  0%] Built target subt_msgs_generate_messages_nodejs
[  0%] Built target subt_msgs_generate_messages_eus
[  0%] Built target std_srvs_generate_messages_py
[  0%] Built target roscpp_generate_messages_py
[  0%] Built target rosgraph_msgs_generate_messages_lisp
[  0%] Built target _subt_ros_generate_messages_check_deps_RobotEvent
[  0%] Built target _subt_ros_generate_messages_check_deps_CompetitionClock
[  0%] Built target _subt_ros_generate_messages_check_deps_RegionEvent
[  0%] Built target _subt_ros_generate_messages_check_deps_RobotMetric
[  0%] Built target _subt_ros_generate_messages_check_deps_ArtifactReport
[  0%] Built target _subt_ros_generate_messages_check_deps_RunStatus
[  0%] Built target _subt_ros_generate_messages_check_deps_Robot
[  0%] Built target _subt_ros_generate_messages_check_deps_RunStatistics
[  0%] Built target _subt_ros_generate_messages_check_deps_KinematicStates
[  0%] Built target _subt_ros_generate_messages_check_deps_Marsupial
[  3%] Built target bridge_logger
[  6%] Built target set_rate_relay
[  9%] Built target pose_tf_broadcaster
[ 12%] Built target optical_frame_publisher
[ 28%] Built target subt_ros_generate_messages_cpp
[ 45%] Built target subt_ros_generate_messages_py
[ 48%] Built target set_pose_relay
[ 64%] Built target subt_ros_generate_messages_lisp
[ 81%] Built target subt_ros_generate_messages_eus
[ 96%] Built target subt_ros_generate_messages_nodejs
[ 96%] Built target subt_ros_generate_messages
[100%] Built target subt_ros_relay
