Linked: (/home/admin-vras/aloam_ws/devel/.private/subt_ros/lib/pkgconfig/subt_ros.pc, /home/admin-vras/aloam_ws/devel/lib/pkgconfig/subt_ros.pc)
Linked: (/home/admin-vras/aloam_ws/devel/.private/subt_ros/lib/subt_ros/bridge_logger, /home/admin-vras/aloam_ws/devel/lib/subt_ros/bridge_logger)
Linked: (/home/admin-vras/aloam_ws/devel/.private/subt_ros/lib/subt_ros/pose_tf_broadcaster, /home/admin-vras/aloam_ws/devel/lib/subt_ros/pose_tf_broadcaster)
Linked: (/home/admin-vras/aloam_ws/devel/.private/subt_ros/lib/subt_ros/set_pose_relay, /home/admin-vras/aloam_ws/devel/lib/subt_ros/set_pose_relay)
Linked: (/home/admin-vras/aloam_ws/devel/.private/subt_ros/lib/subt_ros/set_rate_relay, /home/admin-vras/aloam_ws/devel/lib/subt_ros/set_rate_relay)
Linked: (/home/admin-vras/aloam_ws/devel/.private/subt_ros/lib/subt_ros/optical_frame_publisher, /home/admin-vras/aloam_ws/devel/lib/subt_ros/optical_frame_publisher)
Linked: (/home/admin-vras/aloam_ws/devel/.private/subt_ros/lib/subt_ros/subt_ros_relay, /home/admin-vras/aloam_ws/devel/lib/subt_ros/subt_ros_relay)
Linked: (/home/admin-vras/aloam_ws/devel/.private/subt_ros/lib/python2.7/dist-packages/subt_ros/__init__.py, /home/admin-vras/aloam_ws/devel/lib/python2.7/dist-packages/subt_ros/__init__.py)
Linked: (/home/admin-vras/aloam_ws/devel/.private/subt_ros/lib/python2.7/dist-packages/subt_ros/msg/_RegionEvent.py, /home/admin-vras/aloam_ws/devel/lib/python2.7/dist-packages/subt_ros/msg/_RegionEvent.py)
Linked: (/home/admin-vras/aloam_ws/devel/.private/subt_ros/lib/python2.7/dist-packages/subt_ros/msg/__init__.py, /home/admin-vras/aloam_ws/devel/lib/python2.7/dist-packages/subt_ros/msg/__init__.py)
Linked: (/home/admin-vras/aloam_ws/devel/.private/subt_ros/lib/python2.7/dist-packages/subt_ros/msg/_Robot.py, /home/admin-vras/aloam_ws/devel/lib/python2.7/dist-packages/subt_ros/msg/_Robot.py)
Linked: (/home/admin-vras/aloam_ws/devel/.private/subt_ros/lib/python2.7/dist-packages/subt_ros/msg/_RobotMetric.py, /home/admin-vras/aloam_ws/devel/lib/python2.7/dist-packages/subt_ros/msg/_RobotMetric.py)
Linked: (/home/admin-vras/aloam_ws/devel/.private/subt_ros/lib/python2.7/dist-packages/subt_ros/msg/_RunStatistics.py, /home/admin-vras/aloam_ws/devel/lib/python2.7/dist-packages/subt_ros/msg/_RunStatistics.py)
Linked: (/home/admin-vras/aloam_ws/devel/.private/subt_ros/lib/python2.7/dist-packages/subt_ros/msg/_RunStatus.py, /home/admin-vras/aloam_ws/devel/lib/python2.7/dist-packages/subt_ros/msg/_RunStatus.py)
Linked: (/home/admin-vras/aloam_ws/devel/.private/subt_ros/lib/python2.7/dist-packages/subt_ros/msg/_RobotEvent.py, /home/admin-vras/aloam_ws/devel/lib/python2.7/dist-packages/subt_ros/msg/_RobotEvent.py)
Linked: (/home/admin-vras/aloam_ws/devel/.private/subt_ros/lib/python2.7/dist-packages/subt_ros/msg/_Marsupial.py, /home/admin-vras/aloam_ws/devel/lib/python2.7/dist-packages/subt_ros/msg/_Marsupial.py)
Linked: (/home/admin-vras/aloam_ws/devel/.private/subt_ros/lib/python2.7/dist-packages/subt_ros/msg/_CompetitionClock.py, /home/admin-vras/aloam_ws/devel/lib/python2.7/dist-packages/subt_ros/msg/_CompetitionClock.py)
Linked: (/home/admin-vras/aloam_ws/devel/.private/subt_ros/lib/python2.7/dist-packages/subt_ros/msg/_KinematicStates.py, /home/admin-vras/aloam_ws/devel/lib/python2.7/dist-packages/subt_ros/msg/_KinematicStates.py)
Linked: (/home/admin-vras/aloam_ws/devel/.private/subt_ros/lib/python2.7/dist-packages/subt_ros/msg/_ArtifactReport.py, /home/admin-vras/aloam_ws/devel/lib/python2.7/dist-packages/subt_ros/msg/_ArtifactReport.py)
Linked: (/home/admin-vras/aloam_ws/devel/.private/subt_ros/share/gennodejs/ros/subt_ros/_index.js, /home/admin-vras/aloam_ws/devel/share/gennodejs/ros/subt_ros/_index.js)
Linked: (/home/admin-vras/aloam_ws/devel/.private/subt_ros/share/gennodejs/ros/subt_ros/msg/Marsupial.js, /home/admin-vras/aloam_ws/devel/share/gennodejs/ros/subt_ros/msg/Marsupial.js)
Linked: (/home/admin-vras/aloam_ws/devel/.private/subt_ros/share/gennodejs/ros/subt_ros/msg/RunStatus.js, /home/admin-vras/aloam_ws/devel/share/gennodejs/ros/subt_ros/msg/RunStatus.js)
Linked: (/home/admin-vras/aloam_ws/devel/.private/subt_ros/share/gennodejs/ros/subt_ros/msg/RobotMetric.js, /home/admin-vras/aloam_ws/devel/share/gennodejs/ros/subt_ros/msg/RobotMetric.js)
Linked: (/home/admin-vras/aloam_ws/devel/.private/subt_ros/share/gennodejs/ros/subt_ros/msg/RunStatistics.js, /home/admin-vras/aloam_ws/devel/share/gennodejs/ros/subt_ros/msg/RunStatistics.js)
Linked: (/home/admin-vras/aloam_ws/devel/.private/subt_ros/share/gennodejs/ros/subt_ros/msg/RegionEvent.js, /home/admin-vras/aloam_ws/devel/share/gennodejs/ros/subt_ros/msg/RegionEvent.js)
Linked: (/home/admin-vras/aloam_ws/devel/.private/subt_ros/share/gennodejs/ros/subt_ros/msg/_index.js, /home/admin-vras/aloam_ws/devel/share/gennodejs/ros/subt_ros/msg/_index.js)
Linked: (/home/admin-vras/aloam_ws/devel/.private/subt_ros/share/gennodejs/ros/subt_ros/msg/CompetitionClock.js, /home/admin-vras/aloam_ws/devel/share/gennodejs/ros/subt_ros/msg/CompetitionClock.js)
Linked: (/home/admin-vras/aloam_ws/devel/.private/subt_ros/share/gennodejs/ros/subt_ros/msg/Robot.js, /home/admin-vras/aloam_ws/devel/share/gennodejs/ros/subt_ros/msg/Robot.js)
Linked: (/home/admin-vras/aloam_ws/devel/.private/subt_ros/share/gennodejs/ros/subt_ros/msg/ArtifactReport.js, /home/admin-vras/aloam_ws/devel/share/gennodejs/ros/subt_ros/msg/ArtifactReport.js)
Linked: (/home/admin-vras/aloam_ws/devel/.private/subt_ros/share/gennodejs/ros/subt_ros/msg/RobotEvent.js, /home/admin-vras/aloam_ws/devel/share/gennodejs/ros/subt_ros/msg/RobotEvent.js)
Linked: (/home/admin-vras/aloam_ws/devel/.private/subt_ros/share/gennodejs/ros/subt_ros/msg/KinematicStates.js, /home/admin-vras/aloam_ws/devel/share/gennodejs/ros/subt_ros/msg/KinematicStates.js)
Linked: (/home/admin-vras/aloam_ws/devel/.private/subt_ros/share/subt_ros/cmake/subt_ros-msg-extras.cmake, /home/admin-vras/aloam_ws/devel/share/subt_ros/cmake/subt_ros-msg-extras.cmake)
Linked: (/home/admin-vras/aloam_ws/devel/.private/subt_ros/share/subt_ros/cmake/subt_rosConfig.cmake, /home/admin-vras/aloam_ws/devel/share/subt_ros/cmake/subt_rosConfig.cmake)
Linked: (/home/admin-vras/aloam_ws/devel/.private/subt_ros/share/subt_ros/cmake/subt_ros-msg-paths.cmake, /home/admin-vras/aloam_ws/devel/share/subt_ros/cmake/subt_ros-msg-paths.cmake)
Linked: (/home/admin-vras/aloam_ws/devel/.private/subt_ros/share/subt_ros/cmake/subt_rosConfig-version.cmake, /home/admin-vras/aloam_ws/devel/share/subt_ros/cmake/subt_rosConfig-version.cmake)
Linked: (/home/admin-vras/aloam_ws/devel/.private/subt_ros/share/common-lisp/ros/subt_ros/msg/ArtifactReport.lisp, /home/admin-vras/aloam_ws/devel/share/common-lisp/ros/subt_ros/msg/ArtifactReport.lisp)
Linked: (/home/admin-vras/aloam_ws/devel/.private/subt_ros/share/common-lisp/ros/subt_ros/msg/CompetitionClock.lisp, /home/admin-vras/aloam_ws/devel/share/common-lisp/ros/subt_ros/msg/CompetitionClock.lisp)
Linked: (/home/admin-vras/aloam_ws/devel/.private/subt_ros/share/common-lisp/ros/subt_ros/msg/_package_RunStatus.lisp, /home/admin-vras/aloam_ws/devel/share/common-lisp/ros/subt_ros/msg/_package_RunStatus.lisp)
Linked: (/home/admin-vras/aloam_ws/devel/.private/subt_ros/share/common-lisp/ros/subt_ros/msg/_package_RunStatistics.lisp, /home/admin-vras/aloam_ws/devel/share/common-lisp/ros/subt_ros/msg/_package_RunStatistics.lisp)
Linked: (/home/admin-vras/aloam_ws/devel/.private/subt_ros/share/common-lisp/ros/subt_ros/msg/RunStatus.lisp, /home/admin-vras/aloam_ws/devel/share/common-lisp/ros/subt_ros/msg/RunStatus.lisp)
Linked: (/home/admin-vras/aloam_ws/devel/.private/subt_ros/share/common-lisp/ros/subt_ros/msg/_package.lisp, /home/admin-vras/aloam_ws/devel/share/common-lisp/ros/subt_ros/msg/_package.lisp)
Linked: (/home/admin-vras/aloam_ws/devel/.private/subt_ros/share/common-lisp/ros/subt_ros/msg/_package_RobotEvent.lisp, /home/admin-vras/aloam_ws/devel/share/common-lisp/ros/subt_ros/msg/_package_RobotEvent.lisp)
Linked: (/home/admin-vras/aloam_ws/devel/.private/subt_ros/share/common-lisp/ros/subt_ros/msg/_package_CompetitionClock.lisp, /home/admin-vras/aloam_ws/devel/share/common-lisp/ros/subt_ros/msg/_package_CompetitionClock.lisp)
Linked: (/home/admin-vras/aloam_ws/devel/.private/subt_ros/share/common-lisp/ros/subt_ros/msg/_package_Robot.lisp, /home/admin-vras/aloam_ws/devel/share/common-lisp/ros/subt_ros/msg/_package_Robot.lisp)
Linked: (/home/admin-vras/aloam_ws/devel/.private/subt_ros/share/common-lisp/ros/subt_ros/msg/Robot.lisp, /home/admin-vras/aloam_ws/devel/share/common-lisp/ros/subt_ros/msg/Robot.lisp)
Linked: (/home/admin-vras/aloam_ws/devel/.private/subt_ros/share/common-lisp/ros/subt_ros/msg/_package_ArtifactReport.lisp, /home/admin-vras/aloam_ws/devel/share/common-lisp/ros/subt_ros/msg/_package_ArtifactReport.lisp)
Linked: (/home/admin-vras/aloam_ws/devel/.private/subt_ros/share/common-lisp/ros/subt_ros/msg/Marsupial.lisp, /home/admin-vras/aloam_ws/devel/share/common-lisp/ros/subt_ros/msg/Marsupial.lisp)
Linked: (/home/admin-vras/aloam_ws/devel/.private/subt_ros/share/common-lisp/ros/subt_ros/msg/_package_Marsupial.lisp, /home/admin-vras/aloam_ws/devel/share/common-lisp/ros/subt_ros/msg/_package_Marsupial.lisp)
Linked: (/home/admin-vras/aloam_ws/devel/.private/subt_ros/share/common-lisp/ros/subt_ros/msg/_package_RobotMetric.lisp, /home/admin-vras/aloam_ws/devel/share/common-lisp/ros/subt_ros/msg/_package_RobotMetric.lisp)
Linked: (/home/admin-vras/aloam_ws/devel/.private/subt_ros/share/common-lisp/ros/subt_ros/msg/RobotEvent.lisp, /home/admin-vras/aloam_ws/devel/share/common-lisp/ros/subt_ros/msg/RobotEvent.lisp)
Linked: (/home/admin-vras/aloam_ws/devel/.private/subt_ros/share/common-lisp/ros/subt_ros/msg/subt_ros-msg.asd, /home/admin-vras/aloam_ws/devel/share/common-lisp/ros/subt_ros/msg/subt_ros-msg.asd)
Linked: (/home/admin-vras/aloam_ws/devel/.private/subt_ros/share/common-lisp/ros/subt_ros/msg/KinematicStates.lisp, /home/admin-vras/aloam_ws/devel/share/common-lisp/ros/subt_ros/msg/KinematicStates.lisp)
Linked: (/home/admin-vras/aloam_ws/devel/.private/subt_ros/share/common-lisp/ros/subt_ros/msg/_package_KinematicStates.lisp, /home/admin-vras/aloam_ws/devel/share/common-lisp/ros/subt_ros/msg/_package_KinematicStates.lisp)
Linked: (/home/admin-vras/aloam_ws/devel/.private/subt_ros/share/common-lisp/ros/subt_ros/msg/RegionEvent.lisp, /home/admin-vras/aloam_ws/devel/share/common-lisp/ros/subt_ros/msg/RegionEvent.lisp)
Linked: (/home/admin-vras/aloam_ws/devel/.private/subt_ros/share/common-lisp/ros/subt_ros/msg/_package_RegionEvent.lisp, /home/admin-vras/aloam_ws/devel/share/common-lisp/ros/subt_ros/msg/_package_RegionEvent.lisp)
Linked: (/home/admin-vras/aloam_ws/devel/.private/subt_ros/share/common-lisp/ros/subt_ros/msg/RunStatistics.lisp, /home/admin-vras/aloam_ws/devel/share/common-lisp/ros/subt_ros/msg/RunStatistics.lisp)
Linked: (/home/admin-vras/aloam_ws/devel/.private/subt_ros/share/common-lisp/ros/subt_ros/msg/RobotMetric.lisp, /home/admin-vras/aloam_ws/devel/share/common-lisp/ros/subt_ros/msg/RobotMetric.lisp)
Linked: (/home/admin-vras/aloam_ws/devel/.private/subt_ros/share/roseus/ros/subt_ros/manifest.l, /home/admin-vras/aloam_ws/devel/share/roseus/ros/subt_ros/manifest.l)
Linked: (/home/admin-vras/aloam_ws/devel/.private/subt_ros/share/roseus/ros/subt_ros/msg/RobotEvent.l, /home/admin-vras/aloam_ws/devel/share/roseus/ros/subt_ros/msg/RobotEvent.l)
Linked: (/home/admin-vras/aloam_ws/devel/.private/subt_ros/share/roseus/ros/subt_ros/msg/Robot.l, /home/admin-vras/aloam_ws/devel/share/roseus/ros/subt_ros/msg/Robot.l)
Linked: (/home/admin-vras/aloam_ws/devel/.private/subt_ros/share/roseus/ros/subt_ros/msg/RunStatistics.l, /home/admin-vras/aloam_ws/devel/share/roseus/ros/subt_ros/msg/RunStatistics.l)
Linked: (/home/admin-vras/aloam_ws/devel/.private/subt_ros/share/roseus/ros/subt_ros/msg/RegionEvent.l, /home/admin-vras/aloam_ws/devel/share/roseus/ros/subt_ros/msg/RegionEvent.l)
Linked: (/home/admin-vras/aloam_ws/devel/.private/subt_ros/share/roseus/ros/subt_ros/msg/RobotMetric.l, /home/admin-vras/aloam_ws/devel/share/roseus/ros/subt_ros/msg/RobotMetric.l)
Linked: (/home/admin-vras/aloam_ws/devel/.private/subt_ros/share/roseus/ros/subt_ros/msg/KinematicStates.l, /home/admin-vras/aloam_ws/devel/share/roseus/ros/subt_ros/msg/KinematicStates.l)
Linked: (/home/admin-vras/aloam_ws/devel/.private/subt_ros/share/roseus/ros/subt_ros/msg/ArtifactReport.l, /home/admin-vras/aloam_ws/devel/share/roseus/ros/subt_ros/msg/ArtifactReport.l)
Linked: (/home/admin-vras/aloam_ws/devel/.private/subt_ros/share/roseus/ros/subt_ros/msg/Marsupial.l, /home/admin-vras/aloam_ws/devel/share/roseus/ros/subt_ros/msg/Marsupial.l)
Linked: (/home/admin-vras/aloam_ws/devel/.private/subt_ros/share/roseus/ros/subt_ros/msg/RunStatus.l, /home/admin-vras/aloam_ws/devel/share/roseus/ros/subt_ros/msg/RunStatus.l)
Linked: (/home/admin-vras/aloam_ws/devel/.private/subt_ros/share/roseus/ros/subt_ros/msg/CompetitionClock.l, /home/admin-vras/aloam_ws/devel/share/roseus/ros/subt_ros/msg/CompetitionClock.l)
Linked: (/home/admin-vras/aloam_ws/devel/.private/subt_ros/include/subt_ros/RegionEvent.h, /home/admin-vras/aloam_ws/devel/include/subt_ros/RegionEvent.h)
Linked: (/home/admin-vras/aloam_ws/devel/.private/subt_ros/include/subt_ros/CompetitionClock.h, /home/admin-vras/aloam_ws/devel/include/subt_ros/CompetitionClock.h)
Linked: (/home/admin-vras/aloam_ws/devel/.private/subt_ros/include/subt_ros/RunStatus.h, /home/admin-vras/aloam_ws/devel/include/subt_ros/RunStatus.h)
Linked: (/home/admin-vras/aloam_ws/devel/.private/subt_ros/include/subt_ros/RunStatistics.h, /home/admin-vras/aloam_ws/devel/include/subt_ros/RunStatistics.h)
Linked: (/home/admin-vras/aloam_ws/devel/.private/subt_ros/include/subt_ros/RobotMetric.h, /home/admin-vras/aloam_ws/devel/include/subt_ros/RobotMetric.h)
Linked: (/home/admin-vras/aloam_ws/devel/.private/subt_ros/include/subt_ros/Marsupial.h, /home/admin-vras/aloam_ws/devel/include/subt_ros/Marsupial.h)
Linked: (/home/admin-vras/aloam_ws/devel/.private/subt_ros/include/subt_ros/RobotEvent.h, /home/admin-vras/aloam_ws/devel/include/subt_ros/RobotEvent.h)
Linked: (/home/admin-vras/aloam_ws/devel/.private/subt_ros/include/subt_ros/ArtifactReport.h, /home/admin-vras/aloam_ws/devel/include/subt_ros/ArtifactReport.h)
Linked: (/home/admin-vras/aloam_ws/devel/.private/subt_ros/include/subt_ros/Robot.h, /home/admin-vras/aloam_ws/devel/include/subt_ros/Robot.h)
Linked: (/home/admin-vras/aloam_ws/devel/.private/subt_ros/include/subt_ros/KinematicStates.h, /home/admin-vras/aloam_ws/devel/include/subt_ros/KinematicStates.h)
