Determining if the pthread_create exist failed with the following output:
Change Dir: /home/admin-vras/aloam_ws/build/x2_control/CMakeFiles/CMakeTmp

Run Build Command:"/usr/bin/make" "cmTC_6f22a/fast"
/usr/bin/make -f CMakeFiles/cmTC_6f22a.dir/build.make CMakeFiles/cmTC_6f22a.dir/build
make[1]: Entering directory '/home/admin-vras/aloam_ws/build/x2_control/CMakeFiles/CMakeTmp'
Building C object CMakeFiles/cmTC_6f22a.dir/CheckSymbolExists.c.o
/usr/bin/cc    -o CMakeFiles/cmTC_6f22a.dir/CheckSymbolExists.c.o   -c /home/admin-vras/aloam_ws/build/x2_control/CMakeFiles/CMakeTmp/CheckSymbolExists.c
Linking C executable cmTC_6f22a
/usr/bin/cmake -E cmake_link_script CMakeFiles/cmTC_6f22a.dir/link.txt --verbose=1
/usr/bin/cc      -rdynamic CMakeFiles/cmTC_6f22a.dir/CheckSymbolExists.c.o  -o cmTC_6f22a 
CMakeFiles/cmTC_6f22a.dir/CheckSymbolExists.c.o: In function `main':
CheckSymbolExists.c:(.text+0x1b): undefined reference to `pthread_create'
collect2: error: ld returned 1 exit status
CMakeFiles/cmTC_6f22a.dir/build.make:97: recipe for target 'cmTC_6f22a' failed
make[1]: *** [cmTC_6f22a] Error 1
make[1]: Leaving directory '/home/admin-vras/aloam_ws/build/x2_control/CMakeFiles/CMakeTmp'
Makefile:126: recipe for target 'cmTC_6f22a/fast' failed
make: *** [cmTC_6f22a/fast] Error 2

File /home/admin-vras/aloam_ws/build/x2_control/CMakeFiles/CMakeTmp/CheckSymbolExists.c:
/* */
#include <pthread.h>

int main(int argc, char** argv)
{
  (void)argv;
#ifndef pthread_create
  return ((int*)(&pthread_create))[argc];
#else
  (void)argc;
  return 0;
#endif
}

Determining if the function pthread_create exists in the pthreads failed with the following output:
Change Dir: /home/admin-vras/aloam_ws/build/x2_control/CMakeFiles/CMakeTmp

Run Build Command:"/usr/bin/make" "cmTC_a9d75/fast"
/usr/bin/make -f CMakeFiles/cmTC_a9d75.dir/build.make CMakeFiles/cmTC_a9d75.dir/build
make[1]: Entering directory '/home/admin-vras/aloam_ws/build/x2_control/CMakeFiles/CMakeTmp'
Building C object CMakeFiles/cmTC_a9d75.dir/CheckFunctionExists.c.o
/usr/bin/cc   -DCHECK_FUNCTION_EXISTS=pthread_create   -o CMakeFiles/cmTC_a9d75.dir/CheckFunctionExists.c.o   -c /usr/share/cmake-3.10/Modules/CheckFunctionExists.c
Linking C executable cmTC_a9d75
/usr/bin/cmake -E cmake_link_script CMakeFiles/cmTC_a9d75.dir/link.txt --verbose=1
/usr/bin/cc  -DCHECK_FUNCTION_EXISTS=pthread_create    -rdynamic CMakeFiles/cmTC_a9d75.dir/CheckFunctionExists.c.o  -o cmTC_a9d75 -lpthreads 
/usr/bin/ld: cannot find -lpthreads
collect2: error: ld returned 1 exit status
CMakeFiles/cmTC_a9d75.dir/build.make:97: recipe for target 'cmTC_a9d75' failed
make[1]: *** [cmTC_a9d75] Error 1
make[1]: Leaving directory '/home/admin-vras/aloam_ws/build/x2_control/CMakeFiles/CMakeTmp'
Makefile:126: recipe for target 'cmTC_a9d75/fast' failed
make: *** [cmTC_a9d75/fast] Error 2


