Determining if the pthread_create exist failed with the following output:
Change Dir: /home/admin-vras/aloam_ws/build/marble_husky_sensor_config_4/CMakeFiles/CMakeTmp

Run Build Command:"/usr/bin/make" "cmTC_66b20/fast"
/usr/bin/make -f CMakeFiles/cmTC_66b20.dir/build.make CMakeFiles/cmTC_66b20.dir/build
make[1]: Entering directory '/home/admin-vras/aloam_ws/build/marble_husky_sensor_config_4/CMakeFiles/CMakeTmp'
Building C object CMakeFiles/cmTC_66b20.dir/CheckSymbolExists.c.o
/usr/bin/cc    -o CMakeFiles/cmTC_66b20.dir/CheckSymbolExists.c.o   -c /home/admin-vras/aloam_ws/build/marble_husky_sensor_config_4/CMakeFiles/CMakeTmp/CheckSymbolExists.c
Linking C executable cmTC_66b20
/usr/bin/cmake -E cmake_link_script CMakeFiles/cmTC_66b20.dir/link.txt --verbose=1
/usr/bin/cc      -rdynamic CMakeFiles/cmTC_66b20.dir/CheckSymbolExists.c.o  -o cmTC_66b20 
CMakeFiles/cmTC_66b20.dir/CheckSymbolExists.c.o: In function `main':
CheckSymbolExists.c:(.text+0x1b): undefined reference to `pthread_create'
collect2: error: ld returned 1 exit status
CMakeFiles/cmTC_66b20.dir/build.make:97: recipe for target 'cmTC_66b20' failed
make[1]: *** [cmTC_66b20] Error 1
make[1]: Leaving directory '/home/admin-vras/aloam_ws/build/marble_husky_sensor_config_4/CMakeFiles/CMakeTmp'
Makefile:126: recipe for target 'cmTC_66b20/fast' failed
make: *** [cmTC_66b20/fast] Error 2

File /home/admin-vras/aloam_ws/build/marble_husky_sensor_config_4/CMakeFiles/CMakeTmp/CheckSymbolExists.c:
/* */
#include <pthread.h>

int main(int argc, char** argv)
{
  (void)argv;
#ifndef pthread_create
  return ((int*)(&pthread_create))[argc];
#else
  (void)argc;
  return 0;
#endif
}

Determining if the function pthread_create exists in the pthreads failed with the following output:
Change Dir: /home/admin-vras/aloam_ws/build/marble_husky_sensor_config_4/CMakeFiles/CMakeTmp

Run Build Command:"/usr/bin/make" "cmTC_35a37/fast"
/usr/bin/make -f CMakeFiles/cmTC_35a37.dir/build.make CMakeFiles/cmTC_35a37.dir/build
make[1]: Entering directory '/home/admin-vras/aloam_ws/build/marble_husky_sensor_config_4/CMakeFiles/CMakeTmp'
Building C object CMakeFiles/cmTC_35a37.dir/CheckFunctionExists.c.o
/usr/bin/cc   -DCHECK_FUNCTION_EXISTS=pthread_create   -o CMakeFiles/cmTC_35a37.dir/CheckFunctionExists.c.o   -c /usr/share/cmake-3.10/Modules/CheckFunctionExists.c
Linking C executable cmTC_35a37
/usr/bin/cmake -E cmake_link_script CMakeFiles/cmTC_35a37.dir/link.txt --verbose=1
/usr/bin/cc  -DCHECK_FUNCTION_EXISTS=pthread_create    -rdynamic CMakeFiles/cmTC_35a37.dir/CheckFunctionExists.c.o  -o cmTC_35a37 -lpthreads 
/usr/bin/ld: cannot find -lpthreads
collect2: error: ld returned 1 exit status
CMakeFiles/cmTC_35a37.dir/build.make:97: recipe for target 'cmTC_35a37' failed
make[1]: *** [cmTC_35a37] Error 1
make[1]: Leaving directory '/home/admin-vras/aloam_ws/build/marble_husky_sensor_config_4/CMakeFiles/CMakeTmp'
Makefile:126: recipe for target 'cmTC_35a37/fast' failed
make: *** [cmTC_35a37/fast] Error 2


