Linked: (/home/admin-vras/aloam_ws/devel/.private/x2_msgs/lib/pkgconfig/x2_msgs.pc, /home/admin-vras/aloam_ws/devel/lib/pkgconfig/x2_msgs.pc)
Linked: (/home/admin-vras/aloam_ws/devel/.private/x2_msgs/lib/python2.7/dist-packages/x2_msgs/__init__.py, /home/admin-vras/aloam_ws/devel/lib/python2.7/dist-packages/x2_msgs/__init__.py)
Linked: (/home/admin-vras/aloam_ws/devel/.private/x2_msgs/lib/python2.7/dist-packages/x2_msgs/msg/__init__.py, /home/admin-vras/aloam_ws/devel/lib/python2.7/dist-packages/x2_msgs/msg/__init__.py)
Linked: (/home/admin-vras/aloam_ws/devel/.private/x2_msgs/lib/python2.7/dist-packages/x2_msgs/msg/_DriveFeedback.py, /home/admin-vras/aloam_ws/devel/lib/python2.7/dist-packages/x2_msgs/msg/_DriveFeedback.py)
Linked: (/home/admin-vras/aloam_ws/devel/.private/x2_msgs/lib/python2.7/dist-packages/x2_msgs/msg/_Feedback.py, /home/admin-vras/aloam_ws/devel/lib/python2.7/dist-packages/x2_msgs/msg/_Feedback.py)
Linked: (/home/admin-vras/aloam_ws/devel/.private/x2_msgs/lib/python2.7/dist-packages/x2_msgs/msg/_Drive.py, /home/admin-vras/aloam_ws/devel/lib/python2.7/dist-packages/x2_msgs/msg/_Drive.py)
Linked: (/home/admin-vras/aloam_ws/devel/.private/x2_msgs/lib/python2.7/dist-packages/x2_msgs/msg/_Status.py, /home/admin-vras/aloam_ws/devel/lib/python2.7/dist-packages/x2_msgs/msg/_Status.py)
Linked: (/home/admin-vras/aloam_ws/devel/.private/x2_msgs/share/x2_msgs/cmake/x2_msgs-msg-paths.cmake, /home/admin-vras/aloam_ws/devel/share/x2_msgs/cmake/x2_msgs-msg-paths.cmake)
Linked: (/home/admin-vras/aloam_ws/devel/.private/x2_msgs/share/x2_msgs/cmake/x2_msgsConfig-version.cmake, /home/admin-vras/aloam_ws/devel/share/x2_msgs/cmake/x2_msgsConfig-version.cmake)
Linked: (/home/admin-vras/aloam_ws/devel/.private/x2_msgs/share/x2_msgs/cmake/x2_msgsConfig.cmake, /home/admin-vras/aloam_ws/devel/share/x2_msgs/cmake/x2_msgsConfig.cmake)
Linked: (/home/admin-vras/aloam_ws/devel/.private/x2_msgs/share/x2_msgs/cmake/x2_msgs-msg-extras.cmake, /home/admin-vras/aloam_ws/devel/share/x2_msgs/cmake/x2_msgs-msg-extras.cmake)
Linked: (/home/admin-vras/aloam_ws/devel/.private/x2_msgs/share/gennodejs/ros/x2_msgs/_index.js, /home/admin-vras/aloam_ws/devel/share/gennodejs/ros/x2_msgs/_index.js)
Linked: (/home/admin-vras/aloam_ws/devel/.private/x2_msgs/share/gennodejs/ros/x2_msgs/msg/Feedback.js, /home/admin-vras/aloam_ws/devel/share/gennodejs/ros/x2_msgs/msg/Feedback.js)
Linked: (/home/admin-vras/aloam_ws/devel/.private/x2_msgs/share/gennodejs/ros/x2_msgs/msg/Status.js, /home/admin-vras/aloam_ws/devel/share/gennodejs/ros/x2_msgs/msg/Status.js)
Linked: (/home/admin-vras/aloam_ws/devel/.private/x2_msgs/share/gennodejs/ros/x2_msgs/msg/_index.js, /home/admin-vras/aloam_ws/devel/share/gennodejs/ros/x2_msgs/msg/_index.js)
Linked: (/home/admin-vras/aloam_ws/devel/.private/x2_msgs/share/gennodejs/ros/x2_msgs/msg/DriveFeedback.js, /home/admin-vras/aloam_ws/devel/share/gennodejs/ros/x2_msgs/msg/DriveFeedback.js)
Linked: (/home/admin-vras/aloam_ws/devel/.private/x2_msgs/share/gennodejs/ros/x2_msgs/msg/Drive.js, /home/admin-vras/aloam_ws/devel/share/gennodejs/ros/x2_msgs/msg/Drive.js)
Linked: (/home/admin-vras/aloam_ws/devel/.private/x2_msgs/share/common-lisp/ros/x2_msgs/msg/Feedback.lisp, /home/admin-vras/aloam_ws/devel/share/common-lisp/ros/x2_msgs/msg/Feedback.lisp)
Linked: (/home/admin-vras/aloam_ws/devel/.private/x2_msgs/share/common-lisp/ros/x2_msgs/msg/_package_Feedback.lisp, /home/admin-vras/aloam_ws/devel/share/common-lisp/ros/x2_msgs/msg/_package_Feedback.lisp)
Linked: (/home/admin-vras/aloam_ws/devel/.private/x2_msgs/share/common-lisp/ros/x2_msgs/msg/_package.lisp, /home/admin-vras/aloam_ws/devel/share/common-lisp/ros/x2_msgs/msg/_package.lisp)
Linked: (/home/admin-vras/aloam_ws/devel/.private/x2_msgs/share/common-lisp/ros/x2_msgs/msg/_package_Drive.lisp, /home/admin-vras/aloam_ws/devel/share/common-lisp/ros/x2_msgs/msg/_package_Drive.lisp)
Linked: (/home/admin-vras/aloam_ws/devel/.private/x2_msgs/share/common-lisp/ros/x2_msgs/msg/DriveFeedback.lisp, /home/admin-vras/aloam_ws/devel/share/common-lisp/ros/x2_msgs/msg/DriveFeedback.lisp)
Linked: (/home/admin-vras/aloam_ws/devel/.private/x2_msgs/share/common-lisp/ros/x2_msgs/msg/x2_msgs-msg.asd, /home/admin-vras/aloam_ws/devel/share/common-lisp/ros/x2_msgs/msg/x2_msgs-msg.asd)
Linked: (/home/admin-vras/aloam_ws/devel/.private/x2_msgs/share/common-lisp/ros/x2_msgs/msg/_package_DriveFeedback.lisp, /home/admin-vras/aloam_ws/devel/share/common-lisp/ros/x2_msgs/msg/_package_DriveFeedback.lisp)
Linked: (/home/admin-vras/aloam_ws/devel/.private/x2_msgs/share/common-lisp/ros/x2_msgs/msg/Status.lisp, /home/admin-vras/aloam_ws/devel/share/common-lisp/ros/x2_msgs/msg/Status.lisp)
Linked: (/home/admin-vras/aloam_ws/devel/.private/x2_msgs/share/common-lisp/ros/x2_msgs/msg/Drive.lisp, /home/admin-vras/aloam_ws/devel/share/common-lisp/ros/x2_msgs/msg/Drive.lisp)
Linked: (/home/admin-vras/aloam_ws/devel/.private/x2_msgs/share/common-lisp/ros/x2_msgs/msg/_package_Status.lisp, /home/admin-vras/aloam_ws/devel/share/common-lisp/ros/x2_msgs/msg/_package_Status.lisp)
Linked: (/home/admin-vras/aloam_ws/devel/.private/x2_msgs/share/roseus/ros/x2_msgs/manifest.l, /home/admin-vras/aloam_ws/devel/share/roseus/ros/x2_msgs/manifest.l)
Linked: (/home/admin-vras/aloam_ws/devel/.private/x2_msgs/share/roseus/ros/x2_msgs/msg/DriveFeedback.l, /home/admin-vras/aloam_ws/devel/share/roseus/ros/x2_msgs/msg/DriveFeedback.l)
Linked: (/home/admin-vras/aloam_ws/devel/.private/x2_msgs/share/roseus/ros/x2_msgs/msg/Drive.l, /home/admin-vras/aloam_ws/devel/share/roseus/ros/x2_msgs/msg/Drive.l)
Linked: (/home/admin-vras/aloam_ws/devel/.private/x2_msgs/share/roseus/ros/x2_msgs/msg/Status.l, /home/admin-vras/aloam_ws/devel/share/roseus/ros/x2_msgs/msg/Status.l)
Linked: (/home/admin-vras/aloam_ws/devel/.private/x2_msgs/share/roseus/ros/x2_msgs/msg/Feedback.l, /home/admin-vras/aloam_ws/devel/share/roseus/ros/x2_msgs/msg/Feedback.l)
Linked: (/home/admin-vras/aloam_ws/devel/.private/x2_msgs/include/x2_msgs/Feedback.h, /home/admin-vras/aloam_ws/devel/include/x2_msgs/Feedback.h)
Linked: (/home/admin-vras/aloam_ws/devel/.private/x2_msgs/include/x2_msgs/Drive.h, /home/admin-vras/aloam_ws/devel/include/x2_msgs/Drive.h)
Linked: (/home/admin-vras/aloam_ws/devel/.private/x2_msgs/include/x2_msgs/Status.h, /home/admin-vras/aloam_ws/devel/include/x2_msgs/Status.h)
Linked: (/home/admin-vras/aloam_ws/devel/.private/x2_msgs/include/x2_msgs/DriveFeedback.h, /home/admin-vras/aloam_ws/devel/include/x2_msgs/DriveFeedback.h)
