Determining if the pthread_create exist failed with the following output:
Change Dir: /home/admin-vras/aloam_ws/build/x2_description/CMakeFiles/CMakeTmp

Run Build Command:"/usr/bin/make" "cmTC_30d76/fast"
/usr/bin/make -f CMakeFiles/cmTC_30d76.dir/build.make CMakeFiles/cmTC_30d76.dir/build
make[1]: Entering directory '/home/admin-vras/aloam_ws/build/x2_description/CMakeFiles/CMakeTmp'
Building C object CMakeFiles/cmTC_30d76.dir/CheckSymbolExists.c.o
/usr/bin/cc    -o CMakeFiles/cmTC_30d76.dir/CheckSymbolExists.c.o   -c /home/admin-vras/aloam_ws/build/x2_description/CMakeFiles/CMakeTmp/CheckSymbolExists.c
Linking C executable cmTC_30d76
/usr/bin/cmake -E cmake_link_script CMakeFiles/cmTC_30d76.dir/link.txt --verbose=1
/usr/bin/cc      -rdynamic CMakeFiles/cmTC_30d76.dir/CheckSymbolExists.c.o  -o cmTC_30d76 
CMakeFiles/cmTC_30d76.dir/CheckSymbolExists.c.o: In function `main':
CheckSymbolExists.c:(.text+0x1b): undefined reference to `pthread_create'
collect2: error: ld returned 1 exit status
CMakeFiles/cmTC_30d76.dir/build.make:97: recipe for target 'cmTC_30d76' failed
make[1]: *** [cmTC_30d76] Error 1
make[1]: Leaving directory '/home/admin-vras/aloam_ws/build/x2_description/CMakeFiles/CMakeTmp'
Makefile:126: recipe for target 'cmTC_30d76/fast' failed
make: *** [cmTC_30d76/fast] Error 2

File /home/admin-vras/aloam_ws/build/x2_description/CMakeFiles/CMakeTmp/CheckSymbolExists.c:
/* */
#include <pthread.h>

int main(int argc, char** argv)
{
  (void)argv;
#ifndef pthread_create
  return ((int*)(&pthread_create))[argc];
#else
  (void)argc;
  return 0;
#endif
}

Determining if the function pthread_create exists in the pthreads failed with the following output:
Change Dir: /home/admin-vras/aloam_ws/build/x2_description/CMakeFiles/CMakeTmp

Run Build Command:"/usr/bin/make" "cmTC_ba91a/fast"
/usr/bin/make -f CMakeFiles/cmTC_ba91a.dir/build.make CMakeFiles/cmTC_ba91a.dir/build
make[1]: Entering directory '/home/admin-vras/aloam_ws/build/x2_description/CMakeFiles/CMakeTmp'
Building C object CMakeFiles/cmTC_ba91a.dir/CheckFunctionExists.c.o
/usr/bin/cc   -DCHECK_FUNCTION_EXISTS=pthread_create   -o CMakeFiles/cmTC_ba91a.dir/CheckFunctionExists.c.o   -c /usr/share/cmake-3.10/Modules/CheckFunctionExists.c
Linking C executable cmTC_ba91a
/usr/bin/cmake -E cmake_link_script CMakeFiles/cmTC_ba91a.dir/link.txt --verbose=1
/usr/bin/cc  -DCHECK_FUNCTION_EXISTS=pthread_create    -rdynamic CMakeFiles/cmTC_ba91a.dir/CheckFunctionExists.c.o  -o cmTC_ba91a -lpthreads 
/usr/bin/ld: cannot find -lpthreads
collect2: error: ld returned 1 exit status
CMakeFiles/cmTC_ba91a.dir/build.make:97: recipe for target 'cmTC_ba91a' failed
make[1]: *** [cmTC_ba91a] Error 1
make[1]: Leaving directory '/home/admin-vras/aloam_ws/build/x2_description/CMakeFiles/CMakeTmp'
Makefile:126: recipe for target 'cmTC_ba91a/fast' failed
make: *** [cmTC_ba91a/fast] Error 2


