Determining if the pthread_create exist failed with the following output:
Change Dir: /home/admin-vras/aloam_ws/build/cerberus_anymal_c_sensor_config_1/CMakeFiles/CMakeTmp

Run Build Command:"/usr/bin/make" "cmTC_f20db/fast"
/usr/bin/make -f CMakeFiles/cmTC_f20db.dir/build.make CMakeFiles/cmTC_f20db.dir/build
make[1]: Entering directory '/home/admin-vras/aloam_ws/build/cerberus_anymal_c_sensor_config_1/CMakeFiles/CMakeTmp'
Building C object CMakeFiles/cmTC_f20db.dir/CheckSymbolExists.c.o
/usr/bin/cc    -o CMakeFiles/cmTC_f20db.dir/CheckSymbolExists.c.o   -c /home/admin-vras/aloam_ws/build/cerberus_anymal_c_sensor_config_1/CMakeFiles/CMakeTmp/CheckSymbolExists.c
Linking C executable cmTC_f20db
/usr/bin/cmake -E cmake_link_script CMakeFiles/cmTC_f20db.dir/link.txt --verbose=1
/usr/bin/cc      -rdynamic CMakeFiles/cmTC_f20db.dir/CheckSymbolExists.c.o  -o cmTC_f20db 
CMakeFiles/cmTC_f20db.dir/CheckSymbolExists.c.o: In function `main':
CheckSymbolExists.c:(.text+0x1b): undefined reference to `pthread_create'
collect2: error: ld returned 1 exit status
CMakeFiles/cmTC_f20db.dir/build.make:97: recipe for target 'cmTC_f20db' failed
make[1]: *** [cmTC_f20db] Error 1
make[1]: Leaving directory '/home/admin-vras/aloam_ws/build/cerberus_anymal_c_sensor_config_1/CMakeFiles/CMakeTmp'
Makefile:126: recipe for target 'cmTC_f20db/fast' failed
make: *** [cmTC_f20db/fast] Error 2

File /home/admin-vras/aloam_ws/build/cerberus_anymal_c_sensor_config_1/CMakeFiles/CMakeTmp/CheckSymbolExists.c:
/* */
#include <pthread.h>

int main(int argc, char** argv)
{
  (void)argv;
#ifndef pthread_create
  return ((int*)(&pthread_create))[argc];
#else
  (void)argc;
  return 0;
#endif
}

Determining if the function pthread_create exists in the pthreads failed with the following output:
Change Dir: /home/admin-vras/aloam_ws/build/cerberus_anymal_c_sensor_config_1/CMakeFiles/CMakeTmp

Run Build Command:"/usr/bin/make" "cmTC_7b68b/fast"
/usr/bin/make -f CMakeFiles/cmTC_7b68b.dir/build.make CMakeFiles/cmTC_7b68b.dir/build
make[1]: Entering directory '/home/admin-vras/aloam_ws/build/cerberus_anymal_c_sensor_config_1/CMakeFiles/CMakeTmp'
Building C object CMakeFiles/cmTC_7b68b.dir/CheckFunctionExists.c.o
/usr/bin/cc   -DCHECK_FUNCTION_EXISTS=pthread_create   -o CMakeFiles/cmTC_7b68b.dir/CheckFunctionExists.c.o   -c /usr/share/cmake-3.10/Modules/CheckFunctionExists.c
Linking C executable cmTC_7b68b
/usr/bin/cmake -E cmake_link_script CMakeFiles/cmTC_7b68b.dir/link.txt --verbose=1
/usr/bin/cc  -DCHECK_FUNCTION_EXISTS=pthread_create    -rdynamic CMakeFiles/cmTC_7b68b.dir/CheckFunctionExists.c.o  -o cmTC_7b68b -lpthreads 
/usr/bin/ld: cannot find -lpthreads
collect2: error: ld returned 1 exit status
CMakeFiles/cmTC_7b68b.dir/build.make:97: recipe for target 'cmTC_7b68b' failed
make[1]: *** [cmTC_7b68b] Error 1
make[1]: Leaving directory '/home/admin-vras/aloam_ws/build/cerberus_anymal_c_sensor_config_1/CMakeFiles/CMakeTmp'
Makefile:126: recipe for target 'cmTC_7b68b/fast' failed
make: *** [cmTC_7b68b/fast] Error 2


