[ 15%] Built target SubtCommon
[ 17%] Built target protobuf_compilation
[ 20%] Built target path_tracer
[ 24%] Built target validate_visibility_table
[ 31%] Built target tunnel_generator
[ 34%] Built target level_generator
[ 37%] Built target dot_generator
[ 44%] Built target gtest
[ 44%] Built target log_checker
[ 51%] Built target cave_generator
[ 58%] Built target urban_generator
[34m[1mUnpacking cave_circuit_practice_02.dat.zip[0m
[ 62%] Built target SubtProtobuf
x cave_circuit_practice_02.dat
[ 65%] Built target ConnectionValidator
[ 68%] Built target BaseStationPlugin
[ 72%] Built target ArtifactValidator
[ 75%] Built target CommsBrokerPlugin
[ 79%] Built target GameLogicPlugin
[ 82%] Built target GasEmitterDetectorPlugin
[ 86%] Built target ControllerPlugin
[ 89%] Built target VisibilityPlugin
[ 93%] Built target test_score
[ 96%] Built target max_test_score
[100%] Built target validate_connections
[34m[1mUnpacking cave_circuit_03.dat.zip[0m
x cave_circuit_03.dat
[34m[1mUnpacking cave_circuit_04.dat.zip[0m
x cave_circuit_04.dat
[34m[1mUnpacking cave_circuit_07.dat.zip[0m
x cave_circuit_07.dat
[34m[1mUnpacking cave_circuit_08.dat.zip[0m
x cave_circuit_08.dat
[100%] Built target unzip_dat
