[34m[1mUnpacking cave_circuit_practice_02.dat.zip[0m
[  3%] Built target gtest
[  5%] Built target protobuf_compilation
x cave_circuit_practice_02.dat
[ 20%] Built target SubtCommon
[ 24%] Built target SubtProtobuf
[ 31%] Built target tunnel_generator
[ 34%] Built target path_tracer
[ 37%] Built target validate_visibility_table
[ 41%] Built target level_generator
[ 44%] Built target dot_generator
[ 48%] Built target GasEmitterDetectorPlugin
[ 51%] Built target CommsBrokerPlugin
[ 55%] Built target ArtifactValidator
[ 58%] Built target GameLogicPlugin
[ 62%] Built target log_checker
[ 65%] Built target ControllerPlugin
[ 68%] Built target VisibilityPlugin
[ 75%] Built target cave_generator
[ 82%] Built target urban_generator
[ 86%] Built target max_test_score
[ 89%] Built target BaseStationPlugin
[ 93%] Built target ConnectionValidator
[ 96%] Built target test_score
[100%] Built target validate_connections
[34m[1mUnpacking cave_circuit_03.dat.zip[0m
x cave_circuit_03.dat
[34m[1mUnpacking cave_circuit_04.dat.zip[0m
x cave_circuit_04.dat
[34m[1mUnpacking cave_circuit_07.dat.zip[0m
x cave_circuit_07.dat
[34m[1mUnpacking cave_circuit_08.dat.zip[0m
x cave_circuit_08.dat
[100%] Built target unzip_dat
