Linked: (/home/admin-vras/aloam_ws/devel/.private/subt_ign/lib/libControllerPlugin.so, /home/admin-vras/aloam_ws/devel/lib/libControllerPlugin.so)
Linked: (/home/admin-vras/aloam_ws/devel/.private/subt_ign/lib/libSubtProtobuf.so, /home/admin-vras/aloam_ws/devel/lib/libSubtProtobuf.so)
Linked: (/home/admin-vras/aloam_ws/devel/.private/subt_ign/lib/libSubtCommon.so, /home/admin-vras/aloam_ws/devel/lib/libSubtCommon.so)
Linked: (/home/admin-vras/aloam_ws/devel/.private/subt_ign/lib/libCommsBrokerPlugin.so, /home/admin-vras/aloam_ws/devel/lib/libCommsBrokerPlugin.so)
Linked: (/home/admin-vras/aloam_ws/devel/.private/subt_ign/lib/libGasEmitterDetectorPlugin.so, /home/admin-vras/aloam_ws/devel/lib/libGasEmitterDetectorPlugin.so)
Linked: (/home/admin-vras/aloam_ws/devel/.private/subt_ign/lib/libConnectionValidator.so, /home/admin-vras/aloam_ws/devel/lib/libConnectionValidator.so)
Linked: (/home/admin-vras/aloam_ws/devel/.private/subt_ign/lib/libGameLogicPlugin.so, /home/admin-vras/aloam_ws/devel/lib/libGameLogicPlugin.so)
Linked: (/home/admin-vras/aloam_ws/devel/.private/subt_ign/lib/libVisibilityPlugin.so, /home/admin-vras/aloam_ws/devel/lib/libVisibilityPlugin.so)
Linked: (/home/admin-vras/aloam_ws/devel/.private/subt_ign/lib/libBaseStationPlugin.so, /home/admin-vras/aloam_ws/devel/lib/libBaseStationPlugin.so)
Linked: (/home/admin-vras/aloam_ws/devel/.private/subt_ign/lib/libArtifactValidator.so, /home/admin-vras/aloam_ws/devel/lib/libArtifactValidator.so)
Linked: (/home/admin-vras/aloam_ws/devel/.private/subt_ign/lib/pkgconfig/subt_ign.pc, /home/admin-vras/aloam_ws/devel/lib/pkgconfig/subt_ign.pc)
Linked: (/home/admin-vras/aloam_ws/devel/.private/subt_ign/lib/subt_ign/level_generator, /home/admin-vras/aloam_ws/devel/lib/subt_ign/level_generator)
Linked: (/home/admin-vras/aloam_ws/devel/.private/subt_ign/lib/subt_ign/validate_connections, /home/admin-vras/aloam_ws/devel/lib/subt_ign/validate_connections)
Linked: (/home/admin-vras/aloam_ws/devel/.private/subt_ign/lib/subt_ign/path_tracer, /home/admin-vras/aloam_ws/devel/lib/subt_ign/path_tracer)
Linked: (/home/admin-vras/aloam_ws/devel/.private/subt_ign/lib/subt_ign/validate_visibility_table, /home/admin-vras/aloam_ws/devel/lib/subt_ign/validate_visibility_table)
Linked: (/home/admin-vras/aloam_ws/devel/.private/subt_ign/lib/subt_ign/max_test_score, /home/admin-vras/aloam_ws/devel/lib/subt_ign/max_test_score)
Linked: (/home/admin-vras/aloam_ws/devel/.private/subt_ign/lib/subt_ign/tunnel_generator, /home/admin-vras/aloam_ws/devel/lib/subt_ign/tunnel_generator)
Linked: (/home/admin-vras/aloam_ws/devel/.private/subt_ign/lib/subt_ign/test_score, /home/admin-vras/aloam_ws/devel/lib/subt_ign/test_score)
Linked: (/home/admin-vras/aloam_ws/devel/.private/subt_ign/lib/subt_ign/cave_generator, /home/admin-vras/aloam_ws/devel/lib/subt_ign/cave_generator)
Linked: (/home/admin-vras/aloam_ws/devel/.private/subt_ign/lib/subt_ign/dot_generator, /home/admin-vras/aloam_ws/devel/lib/subt_ign/dot_generator)
Linked: (/home/admin-vras/aloam_ws/devel/.private/subt_ign/lib/subt_ign/urban_generator, /home/admin-vras/aloam_ws/devel/lib/subt_ign/urban_generator)
Linked: (/home/admin-vras/aloam_ws/devel/.private/subt_ign/lib/subt_ign/log_checker, /home/admin-vras/aloam_ws/devel/lib/subt_ign/log_checker)
Linked: (/home/admin-vras/aloam_ws/devel/.private/subt_ign/etc/catkin/profile.d/30.subt_ign.zsh, /home/admin-vras/aloam_ws/devel/etc/catkin/profile.d/30.subt_ign.zsh)
Linked: (/home/admin-vras/aloam_ws/devel/.private/subt_ign/etc/catkin/profile.d/30.subt_ign.bash, /home/admin-vras/aloam_ws/devel/etc/catkin/profile.d/30.subt_ign.bash)
Linked: (/home/admin-vras/aloam_ws/devel/.private/subt_ign/share/subt_ign/cmake/subt_ignConfig-version.cmake, /home/admin-vras/aloam_ws/devel/share/subt_ign/cmake/subt_ignConfig-version.cmake)
Linked: (/home/admin-vras/aloam_ws/devel/.private/subt_ign/share/subt_ign/cmake/subt_ignConfig.cmake, /home/admin-vras/aloam_ws/devel/share/subt_ign/cmake/subt_ignConfig.cmake)
Linked: (/home/admin-vras/aloam_ws/devel/.private/subt_ign/include/subt_ign/protobuf/artifact.pb.h, /home/admin-vras/aloam_ws/devel/include/subt_ign/protobuf/artifact.pb.h)
Linked: (/home/admin-vras/aloam_ws/devel/.private/subt_ign/include/subt_ign/protobuf/artifact.desc, /home/admin-vras/aloam_ws/devel/include/subt_ign/protobuf/artifact.desc)
Linked: (/home/admin-vras/aloam_ws/devel/.private/subt_ign/include/subt_ign/protobuf/artifact.pb.cc, /home/admin-vras/aloam_ws/devel/include/subt_ign/protobuf/artifact.pb.cc)
