Determining if the pthread_create exist failed with the following output:
Change Dir: /home/admin-vras/aloam_ws/build/ctu_cras_norlab_absolem_sensor_config_1/CMakeFiles/CMakeTmp

Run Build Command:"/usr/bin/make" "cmTC_1dd44/fast"
/usr/bin/make -f CMakeFiles/cmTC_1dd44.dir/build.make CMakeFiles/cmTC_1dd44.dir/build
make[1]: Entering directory '/home/admin-vras/aloam_ws/build/ctu_cras_norlab_absolem_sensor_config_1/CMakeFiles/CMakeTmp'
Building C object CMakeFiles/cmTC_1dd44.dir/CheckSymbolExists.c.o
/usr/bin/cc    -o CMakeFiles/cmTC_1dd44.dir/CheckSymbolExists.c.o   -c /home/admin-vras/aloam_ws/build/ctu_cras_norlab_absolem_sensor_config_1/CMakeFiles/CMakeTmp/CheckSymbolExists.c
Linking C executable cmTC_1dd44
/usr/bin/cmake -E cmake_link_script CMakeFiles/cmTC_1dd44.dir/link.txt --verbose=1
/usr/bin/cc      CMakeFiles/cmTC_1dd44.dir/CheckSymbolExists.c.o  -o cmTC_1dd44 
CMakeFiles/cmTC_1dd44.dir/CheckSymbolExists.c.o: In function `main':
CheckSymbolExists.c:(.text+0x1b): undefined reference to `pthread_create'
collect2: error: ld returned 1 exit status
CMakeFiles/cmTC_1dd44.dir/build.make:97: recipe for target 'cmTC_1dd44' failed
make[1]: *** [cmTC_1dd44] Error 1
make[1]: Leaving directory '/home/admin-vras/aloam_ws/build/ctu_cras_norlab_absolem_sensor_config_1/CMakeFiles/CMakeTmp'
Makefile:126: recipe for target 'cmTC_1dd44/fast' failed
make: *** [cmTC_1dd44/fast] Error 2

File /home/admin-vras/aloam_ws/build/ctu_cras_norlab_absolem_sensor_config_1/CMakeFiles/CMakeTmp/CheckSymbolExists.c:
/* */
#include <pthread.h>

int main(int argc, char** argv)
{
  (void)argv;
#ifndef pthread_create
  return ((int*)(&pthread_create))[argc];
#else
  (void)argc;
  return 0;
#endif
}

Determining if the function pthread_create exists in the pthreads failed with the following output:
Change Dir: /home/admin-vras/aloam_ws/build/ctu_cras_norlab_absolem_sensor_config_1/CMakeFiles/CMakeTmp

Run Build Command:"/usr/bin/make" "cmTC_fb978/fast"
/usr/bin/make -f CMakeFiles/cmTC_fb978.dir/build.make CMakeFiles/cmTC_fb978.dir/build
make[1]: Entering directory '/home/admin-vras/aloam_ws/build/ctu_cras_norlab_absolem_sensor_config_1/CMakeFiles/CMakeTmp'
Building C object CMakeFiles/cmTC_fb978.dir/CheckFunctionExists.c.o
/usr/bin/cc   -DCHECK_FUNCTION_EXISTS=pthread_create   -o CMakeFiles/cmTC_fb978.dir/CheckFunctionExists.c.o   -c /usr/share/cmake-3.10/Modules/CheckFunctionExists.c
Linking C executable cmTC_fb978
/usr/bin/cmake -E cmake_link_script CMakeFiles/cmTC_fb978.dir/link.txt --verbose=1
/usr/bin/cc  -DCHECK_FUNCTION_EXISTS=pthread_create    CMakeFiles/cmTC_fb978.dir/CheckFunctionExists.c.o  -o cmTC_fb978 -lpthreads 
/usr/bin/ld: cannot find -lpthreads
collect2: error: ld returned 1 exit status
CMakeFiles/cmTC_fb978.dir/build.make:97: recipe for target 'cmTC_fb978' failed
make[1]: *** [cmTC_fb978] Error 1
make[1]: Leaving directory '/home/admin-vras/aloam_ws/build/ctu_cras_norlab_absolem_sensor_config_1/CMakeFiles/CMakeTmp'
Makefile:126: recipe for target 'cmTC_fb978/fast' failed
make: *** [cmTC_fb978/fast] Error 2


